[3.415s] Invoking command in '/home/astrum/Tanegashima_Rocket_Contest_2024_Mission/arm/build/ros2_aruco_interfaces': CMAKE_PREFIX_PATH=/opt/ros/humble /usr/bin/cmake --build /home/astrum/Tanegashima_Rocket_Contest_2024_Mission/arm/build/ros2_aruco_interfaces -- -j4 -l4
[3.607s] [35m[1mConsolidate compiler generated dependencies of target ros2_aruco_interfaces__rosidl_generator_c[0m
[3.651s] [  3%] Built target ros2_aruco_interfaces__cpp
[3.675s] [ 12%] Built target ros2_aruco_interfaces__rosidl_generator_c
[3.713s] [35m[1mConsolidate compiler generated dependencies of target ros2_aruco_interfaces__rosidl_typesupport_cpp[0m
[3.722s] [ 12%] Built target ament_cmake_python_copy_ros2_aruco_interfaces
[3.731s] [35m[1mConsolidate compiler generated dependencies of target ros2_aruco_interfaces__rosidl_typesupport_fastrtps_cpp[0m
[3.762s] [35m[1mConsolidate compiler generated dependencies of target ros2_aruco_interfaces__rosidl_typesupport_introspection_cpp[0m
[3.801s] [ 22%] Built target ros2_aruco_interfaces__rosidl_typesupport_cpp
[3.803s] [35m[1mConsolidate compiler generated dependencies of target ros2_aruco_interfaces__rosidl_typesupport_fastrtps_c[0m
[3.829s] [ 32%] Built target ros2_aruco_interfaces__rosidl_typesupport_fastrtps_cpp
[3.870s] [ 41%] Built target ros2_aruco_interfaces__rosidl_typesupport_introspection_cpp
[3.874s] [35m[1mConsolidate compiler generated dependencies of target ros2_aruco_interfaces__rosidl_typesupport_introspection_c[0m
[3.891s] [ 51%] Built target ros2_aruco_interfaces__rosidl_typesupport_fastrtps_c
[3.911s] [35m[1mConsolidate compiler generated dependencies of target ros2_aruco_interfaces__rosidl_typesupport_c[0m
[3.953s] [ 61%] Built target ros2_aruco_interfaces__rosidl_typesupport_introspection_c
[3.975s] [ 70%] Built target ros2_aruco_interfaces__rosidl_typesupport_c
[4.074s] [ 70%] Built target ros2_aruco_interfaces
[4.178s] [ 74%] Built target ros2_aruco_interfaces__py
[4.227s] [35m[1mConsolidate compiler generated dependencies of target ros2_aruco_interfaces__rosidl_generator_py[0m
[4.300s] [ 80%] Built target ros2_aruco_interfaces__rosidl_generator_py
[4.363s] [35m[1mConsolidate compiler generated dependencies of target ros2_aruco_interfaces__rosidl_typesupport_introspection_c__pyext[0m
[4.369s] [35m[1mConsolidate compiler generated dependencies of target ros2_aruco_interfaces__rosidl_typesupport_c__pyext[0m
[4.390s] [35m[1mConsolidate compiler generated dependencies of target ros2_aruco_interfaces__rosidl_typesupport_fastrtps_c__pyext[0m
[4.456s] [ 87%] Built target ros2_aruco_interfaces__rosidl_typesupport_c__pyext
[4.466s] [ 93%] Built target ros2_aruco_interfaces__rosidl_typesupport_introspection_c__pyext
[4.498s] [100%] Built target ros2_aruco_interfaces__rosidl_typesupport_fastrtps_c__pyext
[5.382s] running egg_info
[5.384s] writing ros2_aruco_interfaces.egg-info/PKG-INFO
[5.387s] writing dependency_links to ros2_aruco_interfaces.egg-info/dependency_links.txt
[5.388s] writing top-level names to ros2_aruco_interfaces.egg-info/top_level.txt
[5.399s] reading manifest file 'ros2_aruco_interfaces.egg-info/SOURCES.txt'
[5.403s] writing manifest file 'ros2_aruco_interfaces.egg-info/SOURCES.txt'
[5.571s] [100%] Built target ament_cmake_python_build_ros2_aruco_interfaces_egg
[5.638s] Invoked command in '/home/astrum/Tanegashima_Rocket_Contest_2024_Mission/arm/build/ros2_aruco_interfaces' returned '0': CMAKE_PREFIX_PATH=/opt/ros/humble /usr/bin/cmake --build /home/astrum/Tanegashima_Rocket_Contest_2024_Mission/arm/build/ros2_aruco_interfaces -- -j4 -l4
[6.134s] Invoking command in '/home/astrum/Tanegashima_Rocket_Contest_2024_Mission/arm/build/ros2_aruco_interfaces': CMAKE_PREFIX_PATH=/opt/ros/humble /usr/bin/cmake --install /home/astrum/Tanegashima_Rocket_Contest_2024_Mission/arm/build/ros2_aruco_interfaces
[6.179s] -- Install configuration: ""
[6.180s] -- Up-to-date: /home/astrum/Tanegashima_Rocket_Contest_2024_Mission/arm/install/ros2_aruco_interfaces/share/ament_index/resource_index/rosidl_interfaces/ros2_aruco_interfaces
[6.182s] -- Up-to-date: /home/astrum/Tanegashima_Rocket_Contest_2024_Mission/arm/install/ros2_aruco_interfaces/include/ros2_aruco_interfaces/ros2_aruco_interfaces
[6.183s] -- Up-to-date: /home/astrum/Tanegashima_Rocket_Contest_2024_Mission/arm/install/ros2_aruco_interfaces/include/ros2_aruco_interfaces/ros2_aruco_interfaces/msg
[6.185s] -- Up-to-date: /home/astrum/Tanegashima_Rocket_Contest_2024_Mission/arm/install/ros2_aruco_interfaces/include/ros2_aruco_interfaces/ros2_aruco_interfaces/msg/detail
[6.187s] -- Up-to-date: /home/astrum/Tanegashima_Rocket_Contest_2024_Mission/arm/install/ros2_aruco_interfaces/include/ros2_aruco_interfaces/ros2_aruco_interfaces/msg/detail/aruco_markers__functions.h
[6.188s] -- Up-to-date: /home/astrum/Tanegashima_Rocket_Contest_2024_Mission/arm/install/ros2_aruco_interfaces/include/ros2_aruco_interfaces/ros2_aruco_interfaces/msg/detail/aruco_markers__struct.h
[6.190s] -- Up-to-date: /home/astrum/Tanegashima_Rocket_Contest_2024_Mission/arm/install/ros2_aruco_interfaces/include/ros2_aruco_interfaces/ros2_aruco_interfaces/msg/detail/aruco_markers__type_support.h
[6.191s] -- Up-to-date: /home/astrum/Tanegashima_Rocket_Contest_2024_Mission/arm/install/ros2_aruco_interfaces/include/ros2_aruco_interfaces/ros2_aruco_interfaces/msg/detail/aruco_markers__functions.c
[6.193s] -- Up-to-date: /home/astrum/Tanegashima_Rocket_Contest_2024_Mission/arm/install/ros2_aruco_interfaces/include/ros2_aruco_interfaces/ros2_aruco_interfaces/msg/rosidl_generator_c__visibility_control.h
[6.194s] -- Up-to-date: /home/astrum/Tanegashima_Rocket_Contest_2024_Mission/arm/install/ros2_aruco_interfaces/include/ros2_aruco_interfaces/ros2_aruco_interfaces/msg/aruco_markers.h
[6.196s] -- Up-to-date: /home/astrum/Tanegashima_Rocket_Contest_2024_Mission/arm/install/ros2_aruco_interfaces/share/ros2_aruco_interfaces/environment/library_path.sh
[6.197s] -- Up-to-date: /home/astrum/Tanegashima_Rocket_Contest_2024_Mission/arm/install/ros2_aruco_interfaces/share/ros2_aruco_interfaces/environment/library_path.dsv
[6.200s] -- Up-to-date: /home/astrum/Tanegashima_Rocket_Contest_2024_Mission/arm/install/ros2_aruco_interfaces/lib/libros2_aruco_interfaces__rosidl_generator_c.so
[6.203s] -- Up-to-date: /home/astrum/Tanegashima_Rocket_Contest_2024_Mission/arm/install/ros2_aruco_interfaces/include/ros2_aruco_interfaces/ros2_aruco_interfaces
[6.204s] -- Up-to-date: /home/astrum/Tanegashima_Rocket_Contest_2024_Mission/arm/install/ros2_aruco_interfaces/include/ros2_aruco_interfaces/ros2_aruco_interfaces/msg
[6.206s] -- Up-to-date: /home/astrum/Tanegashima_Rocket_Contest_2024_Mission/arm/install/ros2_aruco_interfaces/include/ros2_aruco_interfaces/ros2_aruco_interfaces/msg/detail
[6.208s] -- Up-to-date: /home/astrum/Tanegashima_Rocket_Contest_2024_Mission/arm/install/ros2_aruco_interfaces/include/ros2_aruco_interfaces/ros2_aruco_interfaces/msg/detail/aruco_markers__rosidl_typesupport_fastrtps_c.h
[6.209s] -- Up-to-date: /home/astrum/Tanegashima_Rocket_Contest_2024_Mission/arm/install/ros2_aruco_interfaces/include/ros2_aruco_interfaces/ros2_aruco_interfaces/msg/rosidl_typesupport_fastrtps_c__visibility_control.h
[6.212s] -- Up-to-date: /home/astrum/Tanegashima_Rocket_Contest_2024_Mission/arm/install/ros2_aruco_interfaces/lib/libros2_aruco_interfaces__rosidl_typesupport_fastrtps_c.so
[6.214s] -- Up-to-date: /home/astrum/Tanegashima_Rocket_Contest_2024_Mission/arm/install/ros2_aruco_interfaces/include/ros2_aruco_interfaces/ros2_aruco_interfaces
[6.216s] -- Up-to-date: /home/astrum/Tanegashima_Rocket_Contest_2024_Mission/arm/install/ros2_aruco_interfaces/include/ros2_aruco_interfaces/ros2_aruco_interfaces/msg
[6.217s] -- Up-to-date: /home/astrum/Tanegashima_Rocket_Contest_2024_Mission/arm/install/ros2_aruco_interfaces/include/ros2_aruco_interfaces/ros2_aruco_interfaces/msg/detail
[6.219s] -- Up-to-date: /home/astrum/Tanegashima_Rocket_Contest_2024_Mission/arm/install/ros2_aruco_interfaces/include/ros2_aruco_interfaces/ros2_aruco_interfaces/msg/detail/aruco_markers__traits.hpp
[6.221s] -- Up-to-date: /home/astrum/Tanegashima_Rocket_Contest_2024_Mission/arm/install/ros2_aruco_interfaces/include/ros2_aruco_interfaces/ros2_aruco_interfaces/msg/detail/aruco_markers__builder.hpp
[6.222s] -- Up-to-date: /home/astrum/Tanegashima_Rocket_Contest_2024_Mission/arm/install/ros2_aruco_interfaces/include/ros2_aruco_interfaces/ros2_aruco_interfaces/msg/detail/aruco_markers__struct.hpp
[6.223s] -- Up-to-date: /home/astrum/Tanegashima_Rocket_Contest_2024_Mission/arm/install/ros2_aruco_interfaces/include/ros2_aruco_interfaces/ros2_aruco_interfaces/msg/aruco_markers.hpp
[6.225s] -- Up-to-date: /home/astrum/Tanegashima_Rocket_Contest_2024_Mission/arm/install/ros2_aruco_interfaces/include/ros2_aruco_interfaces/ros2_aruco_interfaces
[6.227s] -- Up-to-date: /home/astrum/Tanegashima_Rocket_Contest_2024_Mission/arm/install/ros2_aruco_interfaces/include/ros2_aruco_interfaces/ros2_aruco_interfaces/msg
[6.228s] -- Up-to-date: /home/astrum/Tanegashima_Rocket_Contest_2024_Mission/arm/install/ros2_aruco_interfaces/include/ros2_aruco_interfaces/ros2_aruco_interfaces/msg/detail
[6.230s] -- Up-to-date: /home/astrum/Tanegashima_Rocket_Contest_2024_Mission/arm/install/ros2_aruco_interfaces/include/ros2_aruco_interfaces/ros2_aruco_interfaces/msg/detail/dds_fastrtps
[6.231s] -- Up-to-date: /home/astrum/Tanegashima_Rocket_Contest_2024_Mission/arm/install/ros2_aruco_interfaces/include/ros2_aruco_interfaces/ros2_aruco_interfaces/msg/detail/aruco_markers__rosidl_typesupport_fastrtps_cpp.hpp
[6.233s] -- Up-to-date: /home/astrum/Tanegashima_Rocket_Contest_2024_Mission/arm/install/ros2_aruco_interfaces/include/ros2_aruco_interfaces/ros2_aruco_interfaces/msg/rosidl_typesupport_fastrtps_cpp__visibility_control.h
[6.235s] -- Up-to-date: /home/astrum/Tanegashima_Rocket_Contest_2024_Mission/arm/install/ros2_aruco_interfaces/lib/libros2_aruco_interfaces__rosidl_typesupport_fastrtps_cpp.so
[6.238s] -- Up-to-date: /home/astrum/Tanegashima_Rocket_Contest_2024_Mission/arm/install/ros2_aruco_interfaces/include/ros2_aruco_interfaces/ros2_aruco_interfaces
[6.240s] -- Up-to-date: /home/astrum/Tanegashima_Rocket_Contest_2024_Mission/arm/install/ros2_aruco_interfaces/include/ros2_aruco_interfaces/ros2_aruco_interfaces/msg
[6.241s] -- Up-to-date: /home/astrum/Tanegashima_Rocket_Contest_2024_Mission/arm/install/ros2_aruco_interfaces/include/ros2_aruco_interfaces/ros2_aruco_interfaces/msg/rosidl_typesupport_introspection_c__visibility_control.h
[6.243s] -- Up-to-date: /home/astrum/Tanegashima_Rocket_Contest_2024_Mission/arm/install/ros2_aruco_interfaces/include/ros2_aruco_interfaces/ros2_aruco_interfaces/msg/detail
[6.244s] -- Up-to-date: /home/astrum/Tanegashima_Rocket_Contest_2024_Mission/arm/install/ros2_aruco_interfaces/include/ros2_aruco_interfaces/ros2_aruco_interfaces/msg/detail/aruco_markers__rosidl_typesupport_introspection_c.h
[6.246s] -- Up-to-date: /home/astrum/Tanegashima_Rocket_Contest_2024_Mission/arm/install/ros2_aruco_interfaces/include/ros2_aruco_interfaces/ros2_aruco_interfaces/msg/detail/aruco_markers__type_support.c
[6.248s] -- Up-to-date: /home/astrum/Tanegashima_Rocket_Contest_2024_Mission/arm/install/ros2_aruco_interfaces/lib/libros2_aruco_interfaces__rosidl_typesupport_introspection_c.so
[6.253s] -- Up-to-date: /home/astrum/Tanegashima_Rocket_Contest_2024_Mission/arm/install/ros2_aruco_interfaces/lib/libros2_aruco_interfaces__rosidl_typesupport_c.so
[6.255s] -- Up-to-date: /home/astrum/Tanegashima_Rocket_Contest_2024_Mission/arm/install/ros2_aruco_interfaces/include/ros2_aruco_interfaces/ros2_aruco_interfaces
[6.257s] -- Up-to-date: /home/astrum/Tanegashima_Rocket_Contest_2024_Mission/arm/install/ros2_aruco_interfaces/include/ros2_aruco_interfaces/ros2_aruco_interfaces/msg
[6.259s] -- Up-to-date: /home/astrum/Tanegashima_Rocket_Contest_2024_Mission/arm/install/ros2_aruco_interfaces/include/ros2_aruco_interfaces/ros2_aruco_interfaces/msg/detail
[6.261s] -- Up-to-date: /home/astrum/Tanegashima_Rocket_Contest_2024_Mission/arm/install/ros2_aruco_interfaces/include/ros2_aruco_interfaces/ros2_aruco_interfaces/msg/detail/aruco_markers__rosidl_typesupport_introspection_cpp.hpp
[6.262s] -- Up-to-date: /home/astrum/Tanegashima_Rocket_Contest_2024_Mission/arm/install/ros2_aruco_interfaces/include/ros2_aruco_interfaces/ros2_aruco_interfaces/msg/detail/aruco_markers__type_support.cpp
[6.265s] -- Up-to-date: /home/astrum/Tanegashima_Rocket_Contest_2024_Mission/arm/install/ros2_aruco_interfaces/lib/libros2_aruco_interfaces__rosidl_typesupport_introspection_cpp.so
[6.269s] -- Up-to-date: /home/astrum/Tanegashima_Rocket_Contest_2024_Mission/arm/install/ros2_aruco_interfaces/lib/libros2_aruco_interfaces__rosidl_typesupport_cpp.so
[6.271s] -- Up-to-date: /home/astrum/Tanegashima_Rocket_Contest_2024_Mission/arm/install/ros2_aruco_interfaces/share/ros2_aruco_interfaces/environment/pythonpath.sh
[6.273s] -- Up-to-date: /home/astrum/Tanegashima_Rocket_Contest_2024_Mission/arm/install/ros2_aruco_interfaces/share/ros2_aruco_interfaces/environment/pythonpath.dsv
[6.274s] -- Up-to-date: /home/astrum/Tanegashima_Rocket_Contest_2024_Mission/arm/install/ros2_aruco_interfaces/local/lib/python3.10/dist-packages/ros2_aruco_interfaces-0.1.0-py3.10.egg-info
[6.276s] -- Installing: /home/astrum/Tanegashima_Rocket_Contest_2024_Mission/arm/install/ros2_aruco_interfaces/local/lib/python3.10/dist-packages/ros2_aruco_interfaces-0.1.0-py3.10.egg-info/dependency_links.txt
[6.279s] -- Installing: /home/astrum/Tanegashima_Rocket_Contest_2024_Mission/arm/install/ros2_aruco_interfaces/local/lib/python3.10/dist-packages/ros2_aruco_interfaces-0.1.0-py3.10.egg-info/SOURCES.txt
[6.281s] -- Installing: /home/astrum/Tanegashima_Rocket_Contest_2024_Mission/arm/install/ros2_aruco_interfaces/local/lib/python3.10/dist-packages/ros2_aruco_interfaces-0.1.0-py3.10.egg-info/top_level.txt
[6.284s] -- Installing: /home/astrum/Tanegashima_Rocket_Contest_2024_Mission/arm/install/ros2_aruco_interfaces/local/lib/python3.10/dist-packages/ros2_aruco_interfaces-0.1.0-py3.10.egg-info/PKG-INFO
[6.287s] -- Up-to-date: /home/astrum/Tanegashima_Rocket_Contest_2024_Mission/arm/install/ros2_aruco_interfaces/local/lib/python3.10/dist-packages/ros2_aruco_interfaces
[6.289s] -- Up-to-date: /home/astrum/Tanegashima_Rocket_Contest_2024_Mission/arm/install/ros2_aruco_interfaces/local/lib/python3.10/dist-packages/ros2_aruco_interfaces/msg
[6.291s] -- Up-to-date: /home/astrum/Tanegashima_Rocket_Contest_2024_Mission/arm/install/ros2_aruco_interfaces/local/lib/python3.10/dist-packages/ros2_aruco_interfaces/msg/_aruco_markers.py
[6.292s] -- Up-to-date: /home/astrum/Tanegashima_Rocket_Contest_2024_Mission/arm/install/ros2_aruco_interfaces/local/lib/python3.10/dist-packages/ros2_aruco_interfaces/msg/_aruco_markers_s.c
[6.294s] -- Up-to-date: /home/astrum/Tanegashima_Rocket_Contest_2024_Mission/arm/install/ros2_aruco_interfaces/local/lib/python3.10/dist-packages/ros2_aruco_interfaces/msg/__init__.py
[6.295s] -- Up-to-date: /home/astrum/Tanegashima_Rocket_Contest_2024_Mission/arm/install/ros2_aruco_interfaces/local/lib/python3.10/dist-packages/ros2_aruco_interfaces/_ros2_aruco_interfaces_s.ep.rosidl_typesupport_introspection_c.c
[6.297s] -- Up-to-date: /home/astrum/Tanegashima_Rocket_Contest_2024_Mission/arm/install/ros2_aruco_interfaces/local/lib/python3.10/dist-packages/ros2_aruco_interfaces/libros2_aruco_interfaces__rosidl_generator_py.so
[6.298s] -- Up-to-date: /home/astrum/Tanegashima_Rocket_Contest_2024_Mission/arm/install/ros2_aruco_interfaces/local/lib/python3.10/dist-packages/ros2_aruco_interfaces/ros2_aruco_interfaces_s__rosidl_typesupport_introspection_c.cpython-310-aarch64-linux-gnu.so
[6.300s] -- Up-to-date: /home/astrum/Tanegashima_Rocket_Contest_2024_Mission/arm/install/ros2_aruco_interfaces/local/lib/python3.10/dist-packages/ros2_aruco_interfaces/__init__.py
[6.301s] -- Up-to-date: /home/astrum/Tanegashima_Rocket_Contest_2024_Mission/arm/install/ros2_aruco_interfaces/local/lib/python3.10/dist-packages/ros2_aruco_interfaces/_ros2_aruco_interfaces_s.ep.rosidl_typesupport_fastrtps_c.c
[6.302s] -- Up-to-date: /home/astrum/Tanegashima_Rocket_Contest_2024_Mission/arm/install/ros2_aruco_interfaces/local/lib/python3.10/dist-packages/ros2_aruco_interfaces/_ros2_aruco_interfaces_s.ep.rosidl_typesupport_c.c
[6.304s] -- Up-to-date: /home/astrum/Tanegashima_Rocket_Contest_2024_Mission/arm/install/ros2_aruco_interfaces/local/lib/python3.10/dist-packages/ros2_aruco_interfaces/ros2_aruco_interfaces_s__rosidl_typesupport_fastrtps_c.cpython-310-aarch64-linux-gnu.so
[6.305s] -- Up-to-date: /home/astrum/Tanegashima_Rocket_Contest_2024_Mission/arm/install/ros2_aruco_interfaces/local/lib/python3.10/dist-packages/ros2_aruco_interfaces/ros2_aruco_interfaces_s__rosidl_typesupport_c.cpython-310-aarch64-linux-gnu.so
[6.502s] Listing '/home/astrum/Tanegashima_Rocket_Contest_2024_Mission/arm/install/ros2_aruco_interfaces/local/lib/python3.10/dist-packages/ros2_aruco_interfaces'...
[6.503s] Listing '/home/astrum/Tanegashima_Rocket_Contest_2024_Mission/arm/install/ros2_aruco_interfaces/local/lib/python3.10/dist-packages/ros2_aruco_interfaces/msg'...
[6.546s] -- Up-to-date: /home/astrum/Tanegashima_Rocket_Contest_2024_Mission/arm/install/ros2_aruco_interfaces/local/lib/python3.10/dist-packages/ros2_aruco_interfaces/ros2_aruco_interfaces_s__rosidl_typesupport_fastrtps_c.cpython-310-aarch64-linux-gnu.so
[6.550s] -- Up-to-date: /home/astrum/Tanegashima_Rocket_Contest_2024_Mission/arm/install/ros2_aruco_interfaces/local/lib/python3.10/dist-packages/ros2_aruco_interfaces/ros2_aruco_interfaces_s__rosidl_typesupport_introspection_c.cpython-310-aarch64-linux-gnu.so
[6.556s] -- Up-to-date: /home/astrum/Tanegashima_Rocket_Contest_2024_Mission/arm/install/ros2_aruco_interfaces/local/lib/python3.10/dist-packages/ros2_aruco_interfaces/ros2_aruco_interfaces_s__rosidl_typesupport_c.cpython-310-aarch64-linux-gnu.so
[6.561s] -- Up-to-date: /home/astrum/Tanegashima_Rocket_Contest_2024_Mission/arm/install/ros2_aruco_interfaces/lib/libros2_aruco_interfaces__rosidl_generator_py.so
[6.564s] -- Up-to-date: /home/astrum/Tanegashima_Rocket_Contest_2024_Mission/arm/install/ros2_aruco_interfaces/share/ros2_aruco_interfaces/msg/ArucoMarkers.idl
[6.566s] -- Up-to-date: /home/astrum/Tanegashima_Rocket_Contest_2024_Mission/arm/install/ros2_aruco_interfaces/share/ros2_aruco_interfaces/msg/ArucoMarkers.msg
[6.568s] -- Up-to-date: /home/astrum/Tanegashima_Rocket_Contest_2024_Mission/arm/install/ros2_aruco_interfaces/share/ament_index/resource_index/package_run_dependencies/ros2_aruco_interfaces
[6.570s] -- Up-to-date: /home/astrum/Tanegashima_Rocket_Contest_2024_Mission/arm/install/ros2_aruco_interfaces/share/ament_index/resource_index/parent_prefix_path/ros2_aruco_interfaces
[6.572s] -- Up-to-date: /home/astrum/Tanegashima_Rocket_Contest_2024_Mission/arm/install/ros2_aruco_interfaces/share/ros2_aruco_interfaces/environment/ament_prefix_path.sh
[6.574s] -- Up-to-date: /home/astrum/Tanegashima_Rocket_Contest_2024_Mission/arm/install/ros2_aruco_interfaces/share/ros2_aruco_interfaces/environment/ament_prefix_path.dsv
[6.576s] -- Up-to-date: /home/astrum/Tanegashima_Rocket_Contest_2024_Mission/arm/install/ros2_aruco_interfaces/share/ros2_aruco_interfaces/environment/path.sh
[6.578s] -- Up-to-date: /home/astrum/Tanegashima_Rocket_Contest_2024_Mission/arm/install/ros2_aruco_interfaces/share/ros2_aruco_interfaces/environment/path.dsv
[6.580s] -- Up-to-date: /home/astrum/Tanegashima_Rocket_Contest_2024_Mission/arm/install/ros2_aruco_interfaces/share/ros2_aruco_interfaces/local_setup.bash
[6.582s] -- Up-to-date: /home/astrum/Tanegashima_Rocket_Contest_2024_Mission/arm/install/ros2_aruco_interfaces/share/ros2_aruco_interfaces/local_setup.sh
[6.584s] -- Up-to-date: /home/astrum/Tanegashima_Rocket_Contest_2024_Mission/arm/install/ros2_aruco_interfaces/share/ros2_aruco_interfaces/local_setup.zsh
[6.585s] -- Up-to-date: /home/astrum/Tanegashima_Rocket_Contest_2024_Mission/arm/install/ros2_aruco_interfaces/share/ros2_aruco_interfaces/local_setup.dsv
[6.587s] -- Installing: /home/astrum/Tanegashima_Rocket_Contest_2024_Mission/arm/install/ros2_aruco_interfaces/share/ros2_aruco_interfaces/package.dsv
[6.590s] -- Up-to-date: /home/astrum/Tanegashima_Rocket_Contest_2024_Mission/arm/install/ros2_aruco_interfaces/share/ament_index/resource_index/packages/ros2_aruco_interfaces
[6.593s] -- Up-to-date: /home/astrum/Tanegashima_Rocket_Contest_2024_Mission/arm/install/ros2_aruco_interfaces/share/ros2_aruco_interfaces/cmake/export_ros2_aruco_interfaces__rosidl_generator_cExport.cmake
[6.595s] -- Up-to-date: /home/astrum/Tanegashima_Rocket_Contest_2024_Mission/arm/install/ros2_aruco_interfaces/share/ros2_aruco_interfaces/cmake/export_ros2_aruco_interfaces__rosidl_generator_cExport-noconfig.cmake
[6.598s] -- Up-to-date: /home/astrum/Tanegashima_Rocket_Contest_2024_Mission/arm/install/ros2_aruco_interfaces/share/ros2_aruco_interfaces/cmake/export_ros2_aruco_interfaces__rosidl_typesupport_fastrtps_cExport.cmake
[6.600s] -- Up-to-date: /home/astrum/Tanegashima_Rocket_Contest_2024_Mission/arm/install/ros2_aruco_interfaces/share/ros2_aruco_interfaces/cmake/export_ros2_aruco_interfaces__rosidl_typesupport_fastrtps_cExport-noconfig.cmake
[6.602s] -- Up-to-date: /home/astrum/Tanegashima_Rocket_Contest_2024_Mission/arm/install/ros2_aruco_interfaces/share/ros2_aruco_interfaces/cmake/export_ros2_aruco_interfaces__rosidl_generator_cppExport.cmake
[6.605s] -- Up-to-date: /home/astrum/Tanegashima_Rocket_Contest_2024_Mission/arm/install/ros2_aruco_interfaces/share/ros2_aruco_interfaces/cmake/export_ros2_aruco_interfaces__rosidl_typesupport_fastrtps_cppExport.cmake
[6.607s] -- Up-to-date: /home/astrum/Tanegashima_Rocket_Contest_2024_Mission/arm/install/ros2_aruco_interfaces/share/ros2_aruco_interfaces/cmake/export_ros2_aruco_interfaces__rosidl_typesupport_fastrtps_cppExport-noconfig.cmake
[6.609s] -- Up-to-date: /home/astrum/Tanegashima_Rocket_Contest_2024_Mission/arm/install/ros2_aruco_interfaces/share/ros2_aruco_interfaces/cmake/ros2_aruco_interfaces__rosidl_typesupport_introspection_cExport.cmake
[6.611s] -- Up-to-date: /home/astrum/Tanegashima_Rocket_Contest_2024_Mission/arm/install/ros2_aruco_interfaces/share/ros2_aruco_interfaces/cmake/ros2_aruco_interfaces__rosidl_typesupport_introspection_cExport-noconfig.cmake
[6.614s] -- Up-to-date: /home/astrum/Tanegashima_Rocket_Contest_2024_Mission/arm/install/ros2_aruco_interfaces/share/ros2_aruco_interfaces/cmake/ros2_aruco_interfaces__rosidl_typesupport_cExport.cmake
[6.616s] -- Up-to-date: /home/astrum/Tanegashima_Rocket_Contest_2024_Mission/arm/install/ros2_aruco_interfaces/share/ros2_aruco_interfaces/cmake/ros2_aruco_interfaces__rosidl_typesupport_cExport-noconfig.cmake
[6.618s] -- Up-to-date: /home/astrum/Tanegashima_Rocket_Contest_2024_Mission/arm/install/ros2_aruco_interfaces/share/ros2_aruco_interfaces/cmake/ros2_aruco_interfaces__rosidl_typesupport_introspection_cppExport.cmake
[6.620s] -- Up-to-date: /home/astrum/Tanegashima_Rocket_Contest_2024_Mission/arm/install/ros2_aruco_interfaces/share/ros2_aruco_interfaces/cmake/ros2_aruco_interfaces__rosidl_typesupport_introspection_cppExport-noconfig.cmake
[6.623s] -- Up-to-date: /home/astrum/Tanegashima_Rocket_Contest_2024_Mission/arm/install/ros2_aruco_interfaces/share/ros2_aruco_interfaces/cmake/ros2_aruco_interfaces__rosidl_typesupport_cppExport.cmake
[6.625s] -- Up-to-date: /home/astrum/Tanegashima_Rocket_Contest_2024_Mission/arm/install/ros2_aruco_interfaces/share/ros2_aruco_interfaces/cmake/ros2_aruco_interfaces__rosidl_typesupport_cppExport-noconfig.cmake
[6.627s] -- Up-to-date: /home/astrum/Tanegashima_Rocket_Contest_2024_Mission/arm/install/ros2_aruco_interfaces/share/ros2_aruco_interfaces/cmake/export_ros2_aruco_interfaces__rosidl_generator_pyExport.cmake
[6.629s] -- Up-to-date: /home/astrum/Tanegashima_Rocket_Contest_2024_Mission/arm/install/ros2_aruco_interfaces/share/ros2_aruco_interfaces/cmake/export_ros2_aruco_interfaces__rosidl_generator_pyExport-noconfig.cmake
[6.631s] -- Up-to-date: /home/astrum/Tanegashima_Rocket_Contest_2024_Mission/arm/install/ros2_aruco_interfaces/share/ros2_aruco_interfaces/cmake/rosidl_cmake-extras.cmake
[6.633s] -- Up-to-date: /home/astrum/Tanegashima_Rocket_Contest_2024_Mission/arm/install/ros2_aruco_interfaces/share/ros2_aruco_interfaces/cmake/ament_cmake_export_dependencies-extras.cmake
[6.635s] -- Up-to-date: /home/astrum/Tanegashima_Rocket_Contest_2024_Mission/arm/install/ros2_aruco_interfaces/share/ros2_aruco_interfaces/cmake/ament_cmake_export_include_directories-extras.cmake
[6.637s] -- Up-to-date: /home/astrum/Tanegashima_Rocket_Contest_2024_Mission/arm/install/ros2_aruco_interfaces/share/ros2_aruco_interfaces/cmake/ament_cmake_export_libraries-extras.cmake
[6.639s] -- Up-to-date: /home/astrum/Tanegashima_Rocket_Contest_2024_Mission/arm/install/ros2_aruco_interfaces/share/ros2_aruco_interfaces/cmake/ament_cmake_export_targets-extras.cmake
[6.641s] -- Up-to-date: /home/astrum/Tanegashima_Rocket_Contest_2024_Mission/arm/install/ros2_aruco_interfaces/share/ros2_aruco_interfaces/cmake/rosidl_cmake_export_typesupport_targets-extras.cmake
[6.643s] -- Up-to-date: /home/astrum/Tanegashima_Rocket_Contest_2024_Mission/arm/install/ros2_aruco_interfaces/share/ros2_aruco_interfaces/cmake/rosidl_cmake_export_typesupport_libraries-extras.cmake
[6.644s] -- Up-to-date: /home/astrum/Tanegashima_Rocket_Contest_2024_Mission/arm/install/ros2_aruco_interfaces/share/ros2_aruco_interfaces/cmake/ros2_aruco_interfacesConfig.cmake
[6.645s] -- Up-to-date: /home/astrum/Tanegashima_Rocket_Contest_2024_Mission/arm/install/ros2_aruco_interfaces/share/ros2_aruco_interfaces/cmake/ros2_aruco_interfacesConfig-version.cmake
[6.646s] -- Up-to-date: /home/astrum/Tanegashima_Rocket_Contest_2024_Mission/arm/install/ros2_aruco_interfaces/share/ros2_aruco_interfaces/package.xml
[6.660s] Invoked command in '/home/astrum/Tanegashima_Rocket_Contest_2024_Mission/arm/build/ros2_aruco_interfaces' returned '0': CMAKE_PREFIX_PATH=/opt/ros/humble /usr/bin/cmake --install /home/astrum/Tanegashima_Rocket_Contest_2024_Mission/arm/build/ros2_aruco_interfaces
