running egg_info
creating ../../../build/yolov5_ros2/yolov5_ros2.egg-info
writing ../../../build/yolov5_ros2/yolov5_ros2.egg-info/PKG-INFO
writing dependency_links to ../../../build/yolov5_ros2/yolov5_ros2.egg-info/dependency_links.txt
writing entry points to ../../../build/yolov5_ros2/yolov5_ros2.egg-info/entry_points.txt
writing requirements to ../../../build/yolov5_ros2/yolov5_ros2.egg-info/requires.txt
writing top-level names to ../../../build/yolov5_ros2/yolov5_ros2.egg-info/top_level.txt
writing manifest file '../../../build/yolov5_ros2/yolov5_ros2.egg-info/SOURCES.txt'
reading manifest file '../../../build/yolov5_ros2/yolov5_ros2.egg-info/SOURCES.txt'
adding license file 'LICENSE'
writing manifest file '../../../build/yolov5_ros2/yolov5_ros2.egg-info/SOURCES.txt'
running build
running build_py
creating /home/astrum/Tanegashima_Rocket_Contest_2024_Mission/arm/build/yolov5_ros2/build
creating /home/astrum/Tanegashima_Rocket_Contest_2024_Mission/arm/build/yolov5_ros2/build/lib
creating /home/astrum/Tanegashima_Rocket_Contest_2024_Mission/arm/build/yolov5_ros2/build/lib/yolov5_ros2
copying yolov5_ros2/detector.py -> /home/astrum/Tanegashima_Rocket_Contest_2024_Mission/arm/build/yolov5_ros2/build/lib/yolov5_ros2
copying yolov5_ros2/object_detection_srv.py -> /home/astrum/Tanegashima_Rocket_Contest_2024_Mission/arm/build/yolov5_ros2/build/lib/yolov5_ros2
copying yolov5_ros2/object_detection_tf.py -> /home/astrum/Tanegashima_Rocket_Contest_2024_Mission/arm/build/yolov5_ros2/build/lib/yolov5_ros2
copying yolov5_ros2/object_detection.py -> /home/astrum/Tanegashima_Rocket_Contest_2024_Mission/arm/build/yolov5_ros2/build/lib/yolov5_ros2
copying yolov5_ros2/__init__.py -> /home/astrum/Tanegashima_Rocket_Contest_2024_Mission/arm/build/yolov5_ros2/build/lib/yolov5_ros2
copying yolov5_ros2/detect.py -> /home/astrum/Tanegashima_Rocket_Contest_2024_Mission/arm/build/yolov5_ros2/build/lib/yolov5_ros2
running install
running install_lib
creating /home/astrum/Tanegashima_Rocket_Contest_2024_Mission/arm/install/yolov5_ros2/lib/python3.10/site-packages/yolov5_ros2
copying /home/astrum/Tanegashima_Rocket_Contest_2024_Mission/arm/build/yolov5_ros2/build/lib/yolov5_ros2/detector.py -> /home/astrum/Tanegashima_Rocket_Contest_2024_Mission/arm/install/yolov5_ros2/lib/python3.10/site-packages/yolov5_ros2
copying /home/astrum/Tanegashima_Rocket_Contest_2024_Mission/arm/build/yolov5_ros2/build/lib/yolov5_ros2/object_detection_srv.py -> /home/astrum/Tanegashima_Rocket_Contest_2024_Mission/arm/install/yolov5_ros2/lib/python3.10/site-packages/yolov5_ros2
copying /home/astrum/Tanegashima_Rocket_Contest_2024_Mission/arm/build/yolov5_ros2/build/lib/yolov5_ros2/object_detection_tf.py -> /home/astrum/Tanegashima_Rocket_Contest_2024_Mission/arm/install/yolov5_ros2/lib/python3.10/site-packages/yolov5_ros2
copying /home/astrum/Tanegashima_Rocket_Contest_2024_Mission/arm/build/yolov5_ros2/build/lib/yolov5_ros2/object_detection.py -> /home/astrum/Tanegashima_Rocket_Contest_2024_Mission/arm/install/yolov5_ros2/lib/python3.10/site-packages/yolov5_ros2
copying /home/astrum/Tanegashima_Rocket_Contest_2024_Mission/arm/build/yolov5_ros2/build/lib/yolov5_ros2/__init__.py -> /home/astrum/Tanegashima_Rocket_Contest_2024_Mission/arm/install/yolov5_ros2/lib/python3.10/site-packages/yolov5_ros2
copying /home/astrum/Tanegashima_Rocket_Contest_2024_Mission/arm/build/yolov5_ros2/build/lib/yolov5_ros2/detect.py -> /home/astrum/Tanegashima_Rocket_Contest_2024_Mission/arm/install/yolov5_ros2/lib/python3.10/site-packages/yolov5_ros2
byte-compiling /home/astrum/Tanegashima_Rocket_Contest_2024_Mission/arm/install/yolov5_ros2/lib/python3.10/site-packages/yolov5_ros2/detector.py to detector.cpython-310.pyc
byte-compiling /home/astrum/Tanegashima_Rocket_Contest_2024_Mission/arm/install/yolov5_ros2/lib/python3.10/site-packages/yolov5_ros2/object_detection_srv.py to object_detection_srv.cpython-310.pyc
byte-compiling /home/astrum/Tanegashima_Rocket_Contest_2024_Mission/arm/install/yolov5_ros2/lib/python3.10/site-packages/yolov5_ros2/object_detection_tf.py to object_detection_tf.cpython-310.pyc
byte-compiling /home/astrum/Tanegashima_Rocket_Contest_2024_Mission/arm/install/yolov5_ros2/lib/python3.10/site-packages/yolov5_ros2/object_detection.py to object_detection.cpython-310.pyc
byte-compiling /home/astrum/Tanegashima_Rocket_Contest_2024_Mission/arm/install/yolov5_ros2/lib/python3.10/site-packages/yolov5_ros2/__init__.py to __init__.cpython-310.pyc
byte-compiling /home/astrum/Tanegashima_Rocket_Contest_2024_Mission/arm/install/yolov5_ros2/lib/python3.10/site-packages/yolov5_ros2/detect.py to detect.cpython-310.pyc
running install_data
creating /home/astrum/Tanegashima_Rocket_Contest_2024_Mission/arm/install/yolov5_ros2/share/ament_index
creating /home/astrum/Tanegashima_Rocket_Contest_2024_Mission/arm/install/yolov5_ros2/share/ament_index/resource_index
creating /home/astrum/Tanegashima_Rocket_Contest_2024_Mission/arm/install/yolov5_ros2/share/ament_index/resource_index/packages
copying resource/yolov5_ros2 -> /home/astrum/Tanegashima_Rocket_Contest_2024_Mission/arm/install/yolov5_ros2/share/ament_index/resource_index/packages
copying package.xml -> /home/astrum/Tanegashima_Rocket_Contest_2024_Mission/arm/install/yolov5_ros2/share/yolov5_ros2
creating /home/astrum/Tanegashima_Rocket_Contest_2024_Mission/arm/install/yolov5_ros2/share/yolov5_ros2/launch
running install_egg_info
Copying ../../../build/yolov5_ros2/yolov5_ros2.egg-info to /home/astrum/Tanegashima_Rocket_Contest_2024_Mission/arm/install/yolov5_ros2/lib/python3.10/site-packages/yolov5_ros2-1.0.0-py3.10.egg-info
running install_scripts
Installing detect script to /home/astrum/Tanegashima_Rocket_Contest_2024_Mission/arm/install/yolov5_ros2/lib/yolov5_ros2
Installing detector script to /home/astrum/Tanegashima_Rocket_Contest_2024_Mission/arm/install/yolov5_ros2/lib/yolov5_ros2
Installing object_detection script to /home/astrum/Tanegashima_Rocket_Contest_2024_Mission/arm/install/yolov5_ros2/lib/yolov5_ros2
Installing object_detection_srv script to /home/astrum/Tanegashima_Rocket_Contest_2024_Mission/arm/install/yolov5_ros2/lib/yolov5_ros2
Installing object_detection_tf script to /home/astrum/Tanegashima_Rocket_Contest_2024_Mission/arm/install/yolov5_ros2/lib/yolov5_ros2
writing list of installed files to '/home/astrum/Tanegashima_Rocket_Contest_2024_Mission/arm/build/yolov5_ros2/install.log'
