/home/astrum/Tanegashima_Rocket_Contest_2024_Mission/arm/install/yolov5_ros2/lib/python3.10/site-packages/yolov5_ros2/detector.py
/home/astrum/Tanegashima_Rocket_Contest_2024_Mission/arm/install/yolov5_ros2/lib/python3.10/site-packages/yolov5_ros2/object_detection_srv.py
/home/astrum/Tanegashima_Rocket_Contest_2024_Mission/arm/install/yolov5_ros2/lib/python3.10/site-packages/yolov5_ros2/object_detection_tf.py
/home/astrum/Tanegashima_Rocket_Contest_2024_Mission/arm/install/yolov5_ros2/lib/python3.10/site-packages/yolov5_ros2/object_detection.py
/home/astrum/Tanegashima_Rocket_Contest_2024_Mission/arm/install/yolov5_ros2/lib/python3.10/site-packages/yolov5_ros2/__init__.py
/home/astrum/Tanegashima_Rocket_Contest_2024_Mission/arm/install/yolov5_ros2/lib/python3.10/site-packages/yolov5_ros2/detect.py
/home/astrum/Tanegashima_Rocket_Contest_2024_Mission/arm/install/yolov5_ros2/lib/python3.10/site-packages/yolov5_ros2/__pycache__/detector.cpython-310.pyc
/home/astrum/Tanegashima_Rocket_Contest_2024_Mission/arm/install/yolov5_ros2/lib/python3.10/site-packages/yolov5_ros2/__pycache__/object_detection_srv.cpython-310.pyc
/home/astrum/Tanegashima_Rocket_Contest_2024_Mission/arm/install/yolov5_ros2/lib/python3.10/site-packages/yolov5_ros2/__pycache__/object_detection_tf.cpython-310.pyc
/home/astrum/Tanegashima_Rocket_Contest_2024_Mission/arm/install/yolov5_ros2/lib/python3.10/site-packages/yolov5_ros2/__pycache__/object_detection.cpython-310.pyc
/home/astrum/Tanegashima_Rocket_Contest_2024_Mission/arm/install/yolov5_ros2/lib/python3.10/site-packages/yolov5_ros2/__pycache__/__init__.cpython-310.pyc
/home/astrum/Tanegashima_Rocket_Contest_2024_Mission/arm/install/yolov5_ros2/lib/python3.10/site-packages/yolov5_ros2/__pycache__/detect.cpython-310.pyc
/home/astrum/Tanegashima_Rocket_Contest_2024_Mission/arm/install/yolov5_ros2/share/ament_index/resource_index/packages/yolov5_ros2
/home/astrum/Tanegashima_Rocket_Contest_2024_Mission/arm/install/yolov5_ros2/share/yolov5_ros2/package.xml
/home/astrum/Tanegashima_Rocket_Contest_2024_Mission/arm/install/yolov5_ros2/share/yolov5_ros2/launch
/home/astrum/Tanegashima_Rocket_Contest_2024_Mission/arm/install/yolov5_ros2/lib/python3.10/site-packages/yolov5_ros2-1.0.0-py3.10.egg-info/dependency_links.txt
/home/astrum/Tanegashima_Rocket_Contest_2024_Mission/arm/install/yolov5_ros2/lib/python3.10/site-packages/yolov5_ros2-1.0.0-py3.10.egg-info/SOURCES.txt
/home/astrum/Tanegashima_Rocket_Contest_2024_Mission/arm/install/yolov5_ros2/lib/python3.10/site-packages/yolov5_ros2-1.0.0-py3.10.egg-info/entry_points.txt
/home/astrum/Tanegashima_Rocket_Contest_2024_Mission/arm/install/yolov5_ros2/lib/python3.10/site-packages/yolov5_ros2-1.0.0-py3.10.egg-info/top_level.txt
/home/astrum/Tanegashima_Rocket_Contest_2024_Mission/arm/install/yolov5_ros2/lib/python3.10/site-packages/yolov5_ros2-1.0.0-py3.10.egg-info/requires.txt
/home/astrum/Tanegashima_Rocket_Contest_2024_Mission/arm/install/yolov5_ros2/lib/python3.10/site-packages/yolov5_ros2-1.0.0-py3.10.egg-info/PKG-INFO
/home/astrum/Tanegashima_Rocket_Contest_2024_Mission/arm/install/yolov5_ros2/lib/python3.10/site-packages/yolov5_ros2-1.0.0-py3.10.egg-info/zip-safe
/home/astrum/Tanegashima_Rocket_Contest_2024_Mission/arm/install/yolov5_ros2/lib/yolov5_ros2/detect
/home/astrum/Tanegashima_Rocket_Contest_2024_Mission/arm/install/yolov5_ros2/lib/yolov5_ros2/detector
/home/astrum/Tanegashima_Rocket_Contest_2024_Mission/arm/install/yolov5_ros2/lib/yolov5_ros2/object_detection
/home/astrum/Tanegashima_Rocket_Contest_2024_Mission/arm/install/yolov5_ros2/lib/yolov5_ros2/object_detection_srv
/home/astrum/Tanegashima_Rocket_Contest_2024_Mission/arm/install/yolov5_ros2/lib/yolov5_ros2/object_detection_tf
