/home/astrum/Tanegashima_Rocket_Contest_2024_Mission/arm/install/ros2_aruco/lib/python3.10/site-packages/ros2_aruco/transformations.py
/home/astrum/Tanegashima_Rocket_Contest_2024_Mission/arm/install/ros2_aruco/lib/python3.10/site-packages/ros2_aruco/aruco_generate_marker.py
/home/astrum/Tanegashima_Rocket_Contest_2024_Mission/arm/install/ros2_aruco/lib/python3.10/site-packages/ros2_aruco/__init__.py
/home/astrum/Tanegashima_Rocket_Contest_2024_Mission/arm/install/ros2_aruco/lib/python3.10/site-packages/ros2_aruco/aruco_node.py
/home/astrum/Tanegashima_Rocket_Contest_2024_Mission/arm/install/ros2_aruco/lib/python3.10/site-packages/ros2_aruco/__pycache__/transformations.cpython-310.pyc
/home/astrum/Tanegashima_Rocket_Contest_2024_Mission/arm/install/ros2_aruco/lib/python3.10/site-packages/ros2_aruco/__pycache__/aruco_generate_marker.cpython-310.pyc
/home/astrum/Tanegashima_Rocket_Contest_2024_Mission/arm/install/ros2_aruco/lib/python3.10/site-packages/ros2_aruco/__pycache__/__init__.cpython-310.pyc
/home/astrum/Tanegashima_Rocket_Contest_2024_Mission/arm/install/ros2_aruco/lib/python3.10/site-packages/ros2_aruco/__pycache__/aruco_node.cpython-310.pyc
/home/astrum/Tanegashima_Rocket_Contest_2024_Mission/arm/install/ros2_aruco/share/ament_index/resource_index/packages/ros2_aruco
/home/astrum/Tanegashima_Rocket_Contest_2024_Mission/arm/install/ros2_aruco/share/ros2_aruco/package.xml
/home/astrum/Tanegashima_Rocket_Contest_2024_Mission/arm/install/ros2_aruco/share/ros2_aruco/launch/aruco_recognition.launch.py
/home/astrum/Tanegashima_Rocket_Contest_2024_Mission/arm/install/ros2_aruco/share/ros2_aruco/config/aruco_parameters.yaml
/home/astrum/Tanegashima_Rocket_Contest_2024_Mission/arm/install/ros2_aruco/lib/python3.10/site-packages/ros2_aruco-0.1.0-py3.10.egg-info/dependency_links.txt
/home/astrum/Tanegashima_Rocket_Contest_2024_Mission/arm/install/ros2_aruco/lib/python3.10/site-packages/ros2_aruco-0.1.0-py3.10.egg-info/SOURCES.txt
/home/astrum/Tanegashima_Rocket_Contest_2024_Mission/arm/install/ros2_aruco/lib/python3.10/site-packages/ros2_aruco-0.1.0-py3.10.egg-info/entry_points.txt
/home/astrum/Tanegashima_Rocket_Contest_2024_Mission/arm/install/ros2_aruco/lib/python3.10/site-packages/ros2_aruco-0.1.0-py3.10.egg-info/top_level.txt
/home/astrum/Tanegashima_Rocket_Contest_2024_Mission/arm/install/ros2_aruco/lib/python3.10/site-packages/ros2_aruco-0.1.0-py3.10.egg-info/requires.txt
/home/astrum/Tanegashima_Rocket_Contest_2024_Mission/arm/install/ros2_aruco/lib/python3.10/site-packages/ros2_aruco-0.1.0-py3.10.egg-info/PKG-INFO
/home/astrum/Tanegashima_Rocket_Contest_2024_Mission/arm/install/ros2_aruco/lib/python3.10/site-packages/ros2_aruco-0.1.0-py3.10.egg-info/zip-safe
/home/astrum/Tanegashima_Rocket_Contest_2024_Mission/arm/install/ros2_aruco/lib/ros2_aruco/aruco_generate_marker
/home/astrum/Tanegashima_Rocket_Contest_2024_Mission/arm/install/ros2_aruco/lib/ros2_aruco/aruco_node
