running egg_info
writing ../../../build/ros2_aruco/ros2_aruco.egg-info/PKG-INFO
writing dependency_links to ../../../build/ros2_aruco/ros2_aruco.egg-info/dependency_links.txt
writing entry points to ../../../build/ros2_aruco/ros2_aruco.egg-info/entry_points.txt
writing requirements to ../../../build/ros2_aruco/ros2_aruco.egg-info/requires.txt
writing top-level names to ../../../build/ros2_aruco/ros2_aruco.egg-info/top_level.txt
reading manifest file '../../../build/ros2_aruco/ros2_aruco.egg-info/SOURCES.txt'
writing manifest file '../../../build/ros2_aruco/ros2_aruco.egg-info/SOURCES.txt'
running build
running build_py
copying ros2_aruco/transformations.py -> /home/astrum/Tanegashima_Rocket_Contest_2024_Mission/arm/build/ros2_aruco/build/lib/ros2_aruco
running install
/usr/lib/python3/dist-packages/setuptools/command/install.py:34: SetuptoolsDeprecationWarning: setup.py install is deprecated. Use build and pip and other standards-based tools.
  warnings.warn(
running install_lib
copying /home/astrum/Tanegashima_Rocket_Contest_2024_Mission/arm/build/ros2_aruco/build/lib/ros2_aruco/transformations.py -> /home/astrum/Tanegashima_Rocket_Contest_2024_Mission/arm/install/ros2_aruco/lib/python3.10/site-packages/ros2_aruco
byte-compiling /home/astrum/Tanegashima_Rocket_Contest_2024_Mission/arm/install/ros2_aruco/lib/python3.10/site-packages/ros2_aruco/transformations.py to transformations.cpython-310.pyc
running install_data
running install_egg_info
removing '/home/astrum/Tanegashima_Rocket_Contest_2024_Mission/arm/install/ros2_aruco/lib/python3.10/site-packages/ros2_aruco-0.1.0-py3.10.egg-info' (and everything under it)
Copying ../../../build/ros2_aruco/ros2_aruco.egg-info to /home/astrum/Tanegashima_Rocket_Contest_2024_Mission/arm/install/ros2_aruco/lib/python3.10/site-packages/ros2_aruco-0.1.0-py3.10.egg-info
running install_scripts
Installing aruco_generate_marker script to /home/astrum/Tanegashima_Rocket_Contest_2024_Mission/arm/install/ros2_aruco/lib/ros2_aruco
Installing aruco_node script to /home/astrum/Tanegashima_Rocket_Contest_2024_Mission/arm/install/ros2_aruco/lib/ros2_aruco
writing list of installed files to '/home/astrum/Tanegashima_Rocket_Contest_2024_Mission/arm/build/ros2_aruco/install.log'
