[8.244s] Invoking command in '/home/astrum/Tanegashima_Rocket_Contest_2024_Mission/arm/src/chapter5/yolov5_ros2': PYTHONPATH=/home/astrum/Tanegashima_Rocket_Contest_2024_Mission/arm/build/yolov5_ros2/prefix_override:/home/astrum/Tanegashima_Rocket_Contest_2024_Mission/arm/install/yolov5_ros2/lib/python3.10/site-packages:${PYTHONPATH} /usr/bin/python3 setup.py egg_info --egg-base ../../../build/yolov5_ros2 build --build-base /home/astrum/Tanegashima_Rocket_Contest_2024_Mission/arm/build/yolov5_ros2/build install --record /home/astrum/Tanegashima_Rocket_Contest_2024_Mission/arm/build/yolov5_ros2/install.log --install-scripts $base/lib/yolov5_ros2 --single-version-externally-managed
[9.721s] /usr/lib/python3/dist-packages/setuptools/dist.py:723: UserWarning: Usage of dash-separated 'script-dir' will not be supported in future versions. Please use the underscore name 'script_dir' instead
[9.722s]   warnings.warn(
[9.773s] running egg_info
[9.779s] writing ../../../build/yolov5_ros2/yolov5_ros2.egg-info/PKG-INFO
[9.781s] writing dependency_links to ../../../build/yolov5_ros2/yolov5_ros2.egg-info/dependency_links.txt
[9.782s] writing entry points to ../../../build/yolov5_ros2/yolov5_ros2.egg-info/entry_points.txt
[9.783s] writing requirements to ../../../build/yolov5_ros2/yolov5_ros2.egg-info/requires.txt
[9.784s] writing top-level names to ../../../build/yolov5_ros2/yolov5_ros2.egg-info/top_level.txt
[9.794s] reading manifest file '../../../build/yolov5_ros2/yolov5_ros2.egg-info/SOURCES.txt'
[9.799s] adding license file 'LICENSE'
[9.802s] writing manifest file '../../../build/yolov5_ros2/yolov5_ros2.egg-info/SOURCES.txt'
[9.803s] running build
[9.803s] running build_py
[9.806s] running install
[9.807s] /usr/lib/python3/dist-packages/setuptools/command/install.py:34: SetuptoolsDeprecationWarning: setup.py install is deprecated. Use build and pip and other standards-based tools.
[9.808s]   warnings.warn(
[9.808s] running install_lib
[9.816s] running install_data
[9.820s] running install_egg_info
[9.830s] removing '/home/astrum/Tanegashima_Rocket_Contest_2024_Mission/arm/install/yolov5_ros2/lib/python3.10/site-packages/yolov5_ros2-1.0.0-py3.10.egg-info' (and everything under it)
[9.834s] Copying ../../../build/yolov5_ros2/yolov5_ros2.egg-info to /home/astrum/Tanegashima_Rocket_Contest_2024_Mission/arm/install/yolov5_ros2/lib/python3.10/site-packages/yolov5_ros2-1.0.0-py3.10.egg-info
[9.842s] running install_scripts
[9.962s] Installing detect script to /home/astrum/Tanegashima_Rocket_Contest_2024_Mission/arm/install/yolov5_ros2/lib/yolov5_ros2
[9.964s] Installing detector script to /home/astrum/Tanegashima_Rocket_Contest_2024_Mission/arm/install/yolov5_ros2/lib/yolov5_ros2
[9.967s] Installing object_detection script to /home/astrum/Tanegashima_Rocket_Contest_2024_Mission/arm/install/yolov5_ros2/lib/yolov5_ros2
[9.970s] Installing object_detection_srv script to /home/astrum/Tanegashima_Rocket_Contest_2024_Mission/arm/install/yolov5_ros2/lib/yolov5_ros2
[9.972s] Installing object_detection_tf script to /home/astrum/Tanegashima_Rocket_Contest_2024_Mission/arm/install/yolov5_ros2/lib/yolov5_ros2
[9.976s] writing list of installed files to '/home/astrum/Tanegashima_Rocket_Contest_2024_Mission/arm/build/yolov5_ros2/install.log'
[10.565s] Invoked command in '/home/astrum/Tanegashima_Rocket_Contest_2024_Mission/arm/src/chapter5/yolov5_ros2' returned '0': PYTHONPATH=/home/astrum/Tanegashima_Rocket_Contest_2024_Mission/arm/build/yolov5_ros2/prefix_override:/home/astrum/Tanegashima_Rocket_Contest_2024_Mission/arm/install/yolov5_ros2/lib/python3.10/site-packages:${PYTHONPATH} /usr/bin/python3 setup.py egg_info --egg-base ../../../build/yolov5_ros2 build --build-base /home/astrum/Tanegashima_Rocket_Contest_2024_Mission/arm/build/yolov5_ros2/build install --record /home/astrum/Tanegashima_Rocket_Contest_2024_Mission/arm/build/yolov5_ros2/install.log --install-scripts $base/lib/yolov5_ros2 --single-version-externally-managed
