[8.237s] Invoking command in '/home/astrum/Tanegashima_Rocket_Contest_2024_Mission/arm/src/chapter5/opencv_ros2': PYTHONPATH=/home/astrum/Tanegashima_Rocket_Contest_2024_Mission/arm/build/opencv_ros2/prefix_override:/home/astrum/Tanegashima_Rocket_Contest_2024_Mission/arm/install/opencv_ros2/lib/python3.10/site-packages:${PYTHONPATH} /usr/bin/python3 setup.py egg_info --egg-base ../../../build/opencv_ros2 build --build-base /home/astrum/Tanegashima_Rocket_Contest_2024_Mission/arm/build/opencv_ros2/build install --record /home/astrum/Tanegashima_Rocket_Contest_2024_Mission/arm/build/opencv_ros2/install.log --install-scripts $base/lib/opencv_ros2 --single-version-externally-managed
[9.811s] /usr/lib/python3/dist-packages/setuptools/dist.py:723: UserWarning: Usage of dash-separated 'script-dir' will not be supported in future versions. Please use the underscore name 'script_dir' instead
[9.813s]   warnings.warn(
[9.858s] running egg_info
[9.863s] creating ../../../build/opencv_ros2/opencv_ros2.egg-info
[9.865s] writing ../../../build/opencv_ros2/opencv_ros2.egg-info/PKG-INFO
[9.868s] writing dependency_links to ../../../build/opencv_ros2/opencv_ros2.egg-info/dependency_links.txt
[9.871s] writing entry points to ../../../build/opencv_ros2/opencv_ros2.egg-info/entry_points.txt
[9.872s] writing requirements to ../../../build/opencv_ros2/opencv_ros2.egg-info/requires.txt
[9.874s] writing top-level names to ../../../build/opencv_ros2/opencv_ros2.egg-info/top_level.txt
[9.874s] writing manifest file '../../../build/opencv_ros2/opencv_ros2.egg-info/SOURCES.txt'
[9.881s] reading manifest file '../../../build/opencv_ros2/opencv_ros2.egg-info/SOURCES.txt'
[9.883s] adding license file 'LICENSE'
[9.887s] writing manifest file '../../../build/opencv_ros2/opencv_ros2.egg-info/SOURCES.txt'
[9.888s] running build
[9.889s] running build_py
[9.890s] creating /home/astrum/Tanegashima_Rocket_Contest_2024_Mission/arm/build/opencv_ros2/build
[9.891s] creating /home/astrum/Tanegashima_Rocket_Contest_2024_Mission/arm/build/opencv_ros2/build/lib
[9.892s] creating /home/astrum/Tanegashima_Rocket_Contest_2024_Mission/arm/build/opencv_ros2/build/lib/opencv_ros2
[9.893s] copying opencv_ros2/face_detection.py -> /home/astrum/Tanegashima_Rocket_Contest_2024_Mission/arm/build/opencv_ros2/build/lib/opencv_ros2
[9.894s] copying opencv_ros2/aruco_node_tf.py -> /home/astrum/Tanegashima_Rocket_Contest_2024_Mission/arm/build/opencv_ros2/build/lib/opencv_ros2
[9.895s] copying opencv_ros2/imgproc_opencv_ros.py -> /home/astrum/Tanegashima_Rocket_Contest_2024_Mission/arm/build/opencv_ros2/build/lib/opencv_ros2
[9.896s] copying opencv_ros2/read_write.py -> /home/astrum/Tanegashima_Rocket_Contest_2024_Mission/arm/build/opencv_ros2/build/lib/opencv_ros2
[9.898s] copying opencv_ros2/qrcode_detector.py -> /home/astrum/Tanegashima_Rocket_Contest_2024_Mission/arm/build/opencv_ros2/build/lib/opencv_ros2
[9.899s] copying opencv_ros2/__init__.py -> /home/astrum/Tanegashima_Rocket_Contest_2024_Mission/arm/build/opencv_ros2/build/lib/opencv_ros2
[9.901s] copying opencv_ros2/imgproc_opencv.py -> /home/astrum/Tanegashima_Rocket_Contest_2024_Mission/arm/build/opencv_ros2/build/lib/opencv_ros2
[9.902s] copying opencv_ros2/canny_edge_detection.py -> /home/astrum/Tanegashima_Rocket_Contest_2024_Mission/arm/build/opencv_ros2/build/lib/opencv_ros2
[9.902s] running install
[9.903s] /usr/lib/python3/dist-packages/setuptools/command/install.py:34: SetuptoolsDeprecationWarning: setup.py install is deprecated. Use build and pip and other standards-based tools.
[9.904s]   warnings.warn(
[9.905s] running install_lib
[9.908s] creating /home/astrum/Tanegashima_Rocket_Contest_2024_Mission/arm/install/opencv_ros2/lib/python3.10/site-packages/opencv_ros2
[9.909s] copying /home/astrum/Tanegashima_Rocket_Contest_2024_Mission/arm/build/opencv_ros2/build/lib/opencv_ros2/face_detection.py -> /home/astrum/Tanegashima_Rocket_Contest_2024_Mission/arm/install/opencv_ros2/lib/python3.10/site-packages/opencv_ros2
[9.911s] copying /home/astrum/Tanegashima_Rocket_Contest_2024_Mission/arm/build/opencv_ros2/build/lib/opencv_ros2/aruco_node_tf.py -> /home/astrum/Tanegashima_Rocket_Contest_2024_Mission/arm/install/opencv_ros2/lib/python3.10/site-packages/opencv_ros2
[9.913s] copying /home/astrum/Tanegashima_Rocket_Contest_2024_Mission/arm/build/opencv_ros2/build/lib/opencv_ros2/imgproc_opencv_ros.py -> /home/astrum/Tanegashima_Rocket_Contest_2024_Mission/arm/install/opencv_ros2/lib/python3.10/site-packages/opencv_ros2
[9.915s] copying /home/astrum/Tanegashima_Rocket_Contest_2024_Mission/arm/build/opencv_ros2/build/lib/opencv_ros2/read_write.py -> /home/astrum/Tanegashima_Rocket_Contest_2024_Mission/arm/install/opencv_ros2/lib/python3.10/site-packages/opencv_ros2
[9.916s] copying /home/astrum/Tanegashima_Rocket_Contest_2024_Mission/arm/build/opencv_ros2/build/lib/opencv_ros2/qrcode_detector.py -> /home/astrum/Tanegashima_Rocket_Contest_2024_Mission/arm/install/opencv_ros2/lib/python3.10/site-packages/opencv_ros2
[9.918s] copying /home/astrum/Tanegashima_Rocket_Contest_2024_Mission/arm/build/opencv_ros2/build/lib/opencv_ros2/__init__.py -> /home/astrum/Tanegashima_Rocket_Contest_2024_Mission/arm/install/opencv_ros2/lib/python3.10/site-packages/opencv_ros2
[9.920s] copying /home/astrum/Tanegashima_Rocket_Contest_2024_Mission/arm/build/opencv_ros2/build/lib/opencv_ros2/imgproc_opencv.py -> /home/astrum/Tanegashima_Rocket_Contest_2024_Mission/arm/install/opencv_ros2/lib/python3.10/site-packages/opencv_ros2
[9.923s] copying /home/astrum/Tanegashima_Rocket_Contest_2024_Mission/arm/build/opencv_ros2/build/lib/opencv_ros2/canny_edge_detection.py -> /home/astrum/Tanegashima_Rocket_Contest_2024_Mission/arm/install/opencv_ros2/lib/python3.10/site-packages/opencv_ros2
[9.929s] byte-compiling /home/astrum/Tanegashima_Rocket_Contest_2024_Mission/arm/install/opencv_ros2/lib/python3.10/site-packages/opencv_ros2/face_detection.py to face_detection.cpython-310.pyc
[9.960s] byte-compiling /home/astrum/Tanegashima_Rocket_Contest_2024_Mission/arm/install/opencv_ros2/lib/python3.10/site-packages/opencv_ros2/aruco_node_tf.py to aruco_node_tf.cpython-310.pyc
[9.970s] byte-compiling /home/astrum/Tanegashima_Rocket_Contest_2024_Mission/arm/install/opencv_ros2/lib/python3.10/site-packages/opencv_ros2/imgproc_opencv_ros.py to imgproc_opencv_ros.cpython-310.pyc
[9.971s] byte-compiling /home/astrum/Tanegashima_Rocket_Contest_2024_Mission/arm/install/opencv_ros2/lib/python3.10/site-packages/opencv_ros2/read_write.py to read_write.cpython-310.pyc
[9.973s] byte-compiling /home/astrum/Tanegashima_Rocket_Contest_2024_Mission/arm/install/opencv_ros2/lib/python3.10/site-packages/opencv_ros2/qrcode_detector.py to qrcode_detector.cpython-310.pyc
[9.974s] byte-compiling /home/astrum/Tanegashima_Rocket_Contest_2024_Mission/arm/install/opencv_ros2/lib/python3.10/site-packages/opencv_ros2/__init__.py to __init__.cpython-310.pyc
[9.993s] byte-compiling /home/astrum/Tanegashima_Rocket_Contest_2024_Mission/arm/install/opencv_ros2/lib/python3.10/site-packages/opencv_ros2/imgproc_opencv.py to imgproc_opencv.cpython-310.pyc
[9.994s] byte-compiling /home/astrum/Tanegashima_Rocket_Contest_2024_Mission/arm/install/opencv_ros2/lib/python3.10/site-packages/opencv_ros2/canny_edge_detection.py to canny_edge_detection.cpython-310.pyc
[9.997s] running install_data
[10.005s] creating /home/astrum/Tanegashima_Rocket_Contest_2024_Mission/arm/install/opencv_ros2/share/ament_index
[10.006s] creating /home/astrum/Tanegashima_Rocket_Contest_2024_Mission/arm/install/opencv_ros2/share/ament_index/resource_index
[10.007s] creating /home/astrum/Tanegashima_Rocket_Contest_2024_Mission/arm/install/opencv_ros2/share/ament_index/resource_index/packages
[10.008s] copying resource/opencv_ros2 -> /home/astrum/Tanegashima_Rocket_Contest_2024_Mission/arm/install/opencv_ros2/share/ament_index/resource_index/packages
[10.009s] copying package.xml -> /home/astrum/Tanegashima_Rocket_Contest_2024_Mission/arm/install/opencv_ros2/share/opencv_ros2
[10.009s] running install_egg_info
[10.030s] Copying ../../../build/opencv_ros2/opencv_ros2.egg-info to /home/astrum/Tanegashima_Rocket_Contest_2024_Mission/arm/install/opencv_ros2/lib/python3.10/site-packages/opencv_ros2-1.0.0-py3.10.egg-info
[10.059s] running install_scripts
[10.190s] Installing aruco_node_tf script to /home/astrum/Tanegashima_Rocket_Contest_2024_Mission/arm/install/opencv_ros2/lib/opencv_ros2
[10.192s] Installing canny_edge_detection script to /home/astrum/Tanegashima_Rocket_Contest_2024_Mission/arm/install/opencv_ros2/lib/opencv_ros2
[10.194s] Installing challenge5_1_say_hello script to /home/astrum/Tanegashima_Rocket_Contest_2024_Mission/arm/install/opencv_ros2/lib/opencv_ros2
[10.195s] Installing challenge5_2_cup_direction script to /home/astrum/Tanegashima_Rocket_Contest_2024_Mission/arm/install/opencv_ros2/lib/opencv_ros2
[10.197s] Installing face_detection script to /home/astrum/Tanegashima_Rocket_Contest_2024_Mission/arm/install/opencv_ros2/lib/opencv_ros2
[10.200s] Installing imgproc_opencv_ros script to /home/astrum/Tanegashima_Rocket_Contest_2024_Mission/arm/install/opencv_ros2/lib/opencv_ros2
[10.209s] Installing qrcode_detector script to /home/astrum/Tanegashima_Rocket_Contest_2024_Mission/arm/install/opencv_ros2/lib/opencv_ros2
[10.212s] Installing quiz5_1_smile_detection script to /home/astrum/Tanegashima_Rocket_Contest_2024_Mission/arm/install/opencv_ros2/lib/opencv_ros2
[10.223s] writing list of installed files to '/home/astrum/Tanegashima_Rocket_Contest_2024_Mission/arm/build/opencv_ros2/install.log'
[10.753s] Invoked command in '/home/astrum/Tanegashima_Rocket_Contest_2024_Mission/arm/src/chapter5/opencv_ros2' returned '0': PYTHONPATH=/home/astrum/Tanegashima_Rocket_Contest_2024_Mission/arm/build/opencv_ros2/prefix_override:/home/astrum/Tanegashima_Rocket_Contest_2024_Mission/arm/install/opencv_ros2/lib/python3.10/site-packages:${PYTHONPATH} /usr/bin/python3 setup.py egg_info --egg-base ../../../build/opencv_ros2 build --build-base /home/astrum/Tanegashima_Rocket_Contest_2024_Mission/arm/build/opencv_ros2/build install --record /home/astrum/Tanegashima_Rocket_Contest_2024_Mission/arm/build/opencv_ros2/install.log --install-scripts $base/lib/opencv_ros2 --single-version-externally-managed
