/home/astrum/Tanegashima_Rocket_Contest_2024_Mission/arm/install/opencv_ros2/lib/python3.10/site-packages/opencv_ros2/face_detection.py
/home/astrum/Tanegashima_Rocket_Contest_2024_Mission/arm/install/opencv_ros2/lib/python3.10/site-packages/opencv_ros2/aruco_node_tf.py
/home/astrum/Tanegashima_Rocket_Contest_2024_Mission/arm/install/opencv_ros2/lib/python3.10/site-packages/opencv_ros2/imgproc_opencv_ros.py
/home/astrum/Tanegashima_Rocket_Contest_2024_Mission/arm/install/opencv_ros2/lib/python3.10/site-packages/opencv_ros2/read_write.py
/home/astrum/Tanegashima_Rocket_Contest_2024_Mission/arm/install/opencv_ros2/lib/python3.10/site-packages/opencv_ros2/qrcode_detector.py
/home/astrum/Tanegashima_Rocket_Contest_2024_Mission/arm/install/opencv_ros2/lib/python3.10/site-packages/opencv_ros2/__init__.py
/home/astrum/Tanegashima_Rocket_Contest_2024_Mission/arm/install/opencv_ros2/lib/python3.10/site-packages/opencv_ros2/imgproc_opencv.py
/home/astrum/Tanegashima_Rocket_Contest_2024_Mission/arm/install/opencv_ros2/lib/python3.10/site-packages/opencv_ros2/canny_edge_detection.py
/home/astrum/Tanegashima_Rocket_Contest_2024_Mission/arm/install/opencv_ros2/lib/python3.10/site-packages/opencv_ros2/__pycache__/face_detection.cpython-310.pyc
/home/astrum/Tanegashima_Rocket_Contest_2024_Mission/arm/install/opencv_ros2/lib/python3.10/site-packages/opencv_ros2/__pycache__/aruco_node_tf.cpython-310.pyc
/home/astrum/Tanegashima_Rocket_Contest_2024_Mission/arm/install/opencv_ros2/lib/python3.10/site-packages/opencv_ros2/__pycache__/imgproc_opencv_ros.cpython-310.pyc
/home/astrum/Tanegashima_Rocket_Contest_2024_Mission/arm/install/opencv_ros2/lib/python3.10/site-packages/opencv_ros2/__pycache__/read_write.cpython-310.pyc
/home/astrum/Tanegashima_Rocket_Contest_2024_Mission/arm/install/opencv_ros2/lib/python3.10/site-packages/opencv_ros2/__pycache__/qrcode_detector.cpython-310.pyc
/home/astrum/Tanegashima_Rocket_Contest_2024_Mission/arm/install/opencv_ros2/lib/python3.10/site-packages/opencv_ros2/__pycache__/__init__.cpython-310.pyc
/home/astrum/Tanegashima_Rocket_Contest_2024_Mission/arm/install/opencv_ros2/lib/python3.10/site-packages/opencv_ros2/__pycache__/imgproc_opencv.cpython-310.pyc
/home/astrum/Tanegashima_Rocket_Contest_2024_Mission/arm/install/opencv_ros2/lib/python3.10/site-packages/opencv_ros2/__pycache__/canny_edge_detection.cpython-310.pyc
/home/astrum/Tanegashima_Rocket_Contest_2024_Mission/arm/install/opencv_ros2/share/ament_index/resource_index/packages/opencv_ros2
/home/astrum/Tanegashima_Rocket_Contest_2024_Mission/arm/install/opencv_ros2/share/opencv_ros2/package.xml
/home/astrum/Tanegashima_Rocket_Contest_2024_Mission/arm/install/opencv_ros2/lib/python3.10/site-packages/opencv_ros2-1.0.0-py3.10.egg-info/dependency_links.txt
/home/astrum/Tanegashima_Rocket_Contest_2024_Mission/arm/install/opencv_ros2/lib/python3.10/site-packages/opencv_ros2-1.0.0-py3.10.egg-info/SOURCES.txt
/home/astrum/Tanegashima_Rocket_Contest_2024_Mission/arm/install/opencv_ros2/lib/python3.10/site-packages/opencv_ros2-1.0.0-py3.10.egg-info/entry_points.txt
/home/astrum/Tanegashima_Rocket_Contest_2024_Mission/arm/install/opencv_ros2/lib/python3.10/site-packages/opencv_ros2-1.0.0-py3.10.egg-info/top_level.txt
/home/astrum/Tanegashima_Rocket_Contest_2024_Mission/arm/install/opencv_ros2/lib/python3.10/site-packages/opencv_ros2-1.0.0-py3.10.egg-info/requires.txt
/home/astrum/Tanegashima_Rocket_Contest_2024_Mission/arm/install/opencv_ros2/lib/python3.10/site-packages/opencv_ros2-1.0.0-py3.10.egg-info/PKG-INFO
/home/astrum/Tanegashima_Rocket_Contest_2024_Mission/arm/install/opencv_ros2/lib/python3.10/site-packages/opencv_ros2-1.0.0-py3.10.egg-info/zip-safe
/home/astrum/Tanegashima_Rocket_Contest_2024_Mission/arm/install/opencv_ros2/lib/opencv_ros2/aruco_node_tf
/home/astrum/Tanegashima_Rocket_Contest_2024_Mission/arm/install/opencv_ros2/lib/opencv_ros2/canny_edge_detection
/home/astrum/Tanegashima_Rocket_Contest_2024_Mission/arm/install/opencv_ros2/lib/opencv_ros2/challenge5_1_say_hello
/home/astrum/Tanegashima_Rocket_Contest_2024_Mission/arm/install/opencv_ros2/lib/opencv_ros2/challenge5_2_cup_direction
/home/astrum/Tanegashima_Rocket_Contest_2024_Mission/arm/install/opencv_ros2/lib/opencv_ros2/face_detection
/home/astrum/Tanegashima_Rocket_Contest_2024_Mission/arm/install/opencv_ros2/lib/opencv_ros2/imgproc_opencv_ros
/home/astrum/Tanegashima_Rocket_Contest_2024_Mission/arm/install/opencv_ros2/lib/opencv_ros2/qrcode_detector
/home/astrum/Tanegashima_Rocket_Contest_2024_Mission/arm/install/opencv_ros2/lib/opencv_ros2/quiz5_1_smile_detection
