[5.120s] DEBUG:colcon:Command line arguments: ['/usr/bin/colcon', 'build']
[5.121s] DEBUG:colcon:Parsed command line arguments: Namespace(log_base=None, log_level=None, verb_name='build', build_base='build', install_base='install', merge_install=False, symlink_install=False, test_result_base=None, continue_on_error=False, executor='parallel', parallel_workers=4, event_handlers=None, ignore_user_meta=False, metas=['./colcon.meta'], base_paths=['.'], packages_ignore=None, packages_ignore_regex=None, paths=None, packages_up_to=None, packages_up_to_regex=None, packages_above=None, packages_above_and_dependencies=None, packages_above_depth=None, packages_select_by_dep=None, packages_skip_by_dep=None, packages_skip_up_to=None, packages_select_build_failed=False, packages_skip_build_finished=False, packages_select_test_failures=False, packages_skip_test_passed=False, packages_select=None, packages_skip=None, packages_select_regex=None, packages_skip_regex=None, packages_start=None, packages_end=None, allow_overriding=[], cmake_args=None, cmake_target=None, cmake_target_skip_unavailable=False, cmake_clean_cache=False, cmake_clean_first=False, cmake_force_configure=False, ament_cmake_args=None, catkin_cmake_args=None, catkin_skip_building_tests=False, verb_parser=<colcon_defaults.argument_parser.defaults.DefaultArgumentsDecorator object at 0xffff870ac5e0>, verb_extension=<colcon_core.verb.build.BuildVerb object at 0xffff870987c0>, main=<bound method BuildVerb.main of <colcon_core.verb.build.BuildVerb object at 0xffff870987c0>>)
[5.429s] Level 1:colcon.colcon_core.package_discovery:discover_packages(colcon_meta) check parameters
[5.430s] Level 1:colcon.colcon_core.package_discovery:discover_packages(recursive) check parameters
[5.430s] Level 1:colcon.colcon_core.package_discovery:discover_packages(ignore) check parameters
[5.430s] Level 1:colcon.colcon_core.package_discovery:discover_packages(path) check parameters
[5.430s] Level 1:colcon.colcon_core.package_discovery:discover_packages(colcon_meta) discover
[5.431s] Level 1:colcon.colcon_core.package_discovery:discover_packages(recursive) discover
[5.431s] INFO:colcon.colcon_core.package_discovery:Crawling recursively for packages in '/home/astrum/Tanegashima_Rocket_Contest_2024_Mission/arm'
[5.431s] Level 1:colcon.colcon_core.package_identification:_identify(.) by extensions ['ignore', 'ignore_ament_install']
[5.432s] Level 1:colcon.colcon_core.package_identification:_identify(.) by extension 'ignore'
[5.432s] Level 1:colcon.colcon_core.package_identification:_identify(.) by extension 'ignore_ament_install'
[5.432s] Level 1:colcon.colcon_core.package_identification:_identify(.) by extensions ['colcon_pkg']
[5.432s] Level 1:colcon.colcon_core.package_identification:_identify(.) by extension 'colcon_pkg'
[5.433s] Level 1:colcon.colcon_core.package_identification:_identify(.) by extensions ['colcon_meta']
[5.433s] Level 1:colcon.colcon_core.package_identification:_identify(.) by extension 'colcon_meta'
[5.433s] Level 1:colcon.colcon_core.package_identification:_identify(.) by extensions ['ros']
[5.433s] Level 1:colcon.colcon_core.package_identification:_identify(.) by extension 'ros'
[5.481s] Level 1:colcon.colcon_core.package_identification:_identify(.) by extensions ['cmake', 'python']
[5.481s] Level 1:colcon.colcon_core.package_identification:_identify(.) by extension 'cmake'
[5.482s] Level 1:colcon.colcon_core.package_identification:_identify(.) by extension 'python'
[5.482s] Level 1:colcon.colcon_core.package_identification:_identify(.) by extensions ['python_setup_py']
[5.482s] Level 1:colcon.colcon_core.package_identification:_identify(.) by extension 'python_setup_py'
[5.482s] Level 1:colcon.colcon_core.package_identification:_identify(build) by extensions ['ignore', 'ignore_ament_install']
[5.483s] Level 1:colcon.colcon_core.package_identification:_identify(build) by extension 'ignore'
[5.483s] Level 1:colcon.colcon_core.package_identification:_identify(build) ignored
[5.483s] Level 1:colcon.colcon_core.package_identification:_identify(install) by extensions ['ignore', 'ignore_ament_install']
[5.484s] Level 1:colcon.colcon_core.package_identification:_identify(install) by extension 'ignore'
[5.484s] Level 1:colcon.colcon_core.package_identification:_identify(install) ignored
[5.485s] Level 1:colcon.colcon_core.package_identification:_identify(log) by extensions ['ignore', 'ignore_ament_install']
[5.485s] Level 1:colcon.colcon_core.package_identification:_identify(log) by extension 'ignore'
[5.485s] Level 1:colcon.colcon_core.package_identification:_identify(log) ignored
[5.485s] Level 1:colcon.colcon_core.package_identification:_identify(src) by extensions ['ignore', 'ignore_ament_install']
[5.486s] Level 1:colcon.colcon_core.package_identification:_identify(src) by extension 'ignore'
[5.486s] Level 1:colcon.colcon_core.package_identification:_identify(src) by extension 'ignore_ament_install'
[5.486s] Level 1:colcon.colcon_core.package_identification:_identify(src) by extensions ['colcon_pkg']
[5.486s] Level 1:colcon.colcon_core.package_identification:_identify(src) by extension 'colcon_pkg'
[5.486s] Level 1:colcon.colcon_core.package_identification:_identify(src) by extensions ['colcon_meta']
[5.486s] Level 1:colcon.colcon_core.package_identification:_identify(src) by extension 'colcon_meta'
[5.487s] Level 1:colcon.colcon_core.package_identification:_identify(src) by extensions ['ros']
[5.487s] Level 1:colcon.colcon_core.package_identification:_identify(src) by extension 'ros'
[5.487s] Level 1:colcon.colcon_core.package_identification:_identify(src) by extensions ['cmake', 'python']
[5.487s] Level 1:colcon.colcon_core.package_identification:_identify(src) by extension 'cmake'
[5.487s] Level 1:colcon.colcon_core.package_identification:_identify(src) by extension 'python'
[5.488s] Level 1:colcon.colcon_core.package_identification:_identify(src) by extensions ['python_setup_py']
[5.488s] Level 1:colcon.colcon_core.package_identification:_identify(src) by extension 'python_setup_py'
[5.488s] Level 1:colcon.colcon_core.package_identification:_identify(src/chapter5) by extensions ['ignore', 'ignore_ament_install']
[5.489s] Level 1:colcon.colcon_core.package_identification:_identify(src/chapter5) by extension 'ignore'
[5.489s] Level 1:colcon.colcon_core.package_identification:_identify(src/chapter5) by extension 'ignore_ament_install'
[5.489s] Level 1:colcon.colcon_core.package_identification:_identify(src/chapter5) by extensions ['colcon_pkg']
[5.489s] Level 1:colcon.colcon_core.package_identification:_identify(src/chapter5) by extension 'colcon_pkg'
[5.489s] Level 1:colcon.colcon_core.package_identification:_identify(src/chapter5) by extensions ['colcon_meta']
[5.489s] Level 1:colcon.colcon_core.package_identification:_identify(src/chapter5) by extension 'colcon_meta'
[5.490s] Level 1:colcon.colcon_core.package_identification:_identify(src/chapter5) by extensions ['ros']
[5.490s] Level 1:colcon.colcon_core.package_identification:_identify(src/chapter5) by extension 'ros'
[5.490s] Level 1:colcon.colcon_core.package_identification:_identify(src/chapter5) by extensions ['cmake', 'python']
[5.490s] Level 1:colcon.colcon_core.package_identification:_identify(src/chapter5) by extension 'cmake'
[5.490s] Level 1:colcon.colcon_core.package_identification:_identify(src/chapter5) by extension 'python'
[5.491s] Level 1:colcon.colcon_core.package_identification:_identify(src/chapter5) by extensions ['python_setup_py']
[5.491s] Level 1:colcon.colcon_core.package_identification:_identify(src/chapter5) by extension 'python_setup_py'
[5.491s] Level 1:colcon.colcon_core.package_identification:_identify(src/chapter5/opencv_ros2) by extensions ['ignore', 'ignore_ament_install']
[5.491s] Level 1:colcon.colcon_core.package_identification:_identify(src/chapter5/opencv_ros2) by extension 'ignore'
[5.492s] Level 1:colcon.colcon_core.package_identification:_identify(src/chapter5/opencv_ros2) by extension 'ignore_ament_install'
[5.492s] Level 1:colcon.colcon_core.package_identification:_identify(src/chapter5/opencv_ros2) by extensions ['colcon_pkg']
[5.492s] Level 1:colcon.colcon_core.package_identification:_identify(src/chapter5/opencv_ros2) by extension 'colcon_pkg'
[5.492s] Level 1:colcon.colcon_core.package_identification:_identify(src/chapter5/opencv_ros2) by extensions ['colcon_meta']
[5.493s] Level 1:colcon.colcon_core.package_identification:_identify(src/chapter5/opencv_ros2) by extension 'colcon_meta'
[5.493s] Level 1:colcon.colcon_core.package_identification:_identify(src/chapter5/opencv_ros2) by extensions ['ros']
[5.493s] Level 1:colcon.colcon_core.package_identification:_identify(src/chapter5/opencv_ros2) by extension 'ros'
[5.505s] DEBUG:colcon.colcon_core.package_identification:Package 'src/chapter5/opencv_ros2' with type 'ros.ament_python' and name 'opencv_ros2'
[5.506s] Level 1:colcon.colcon_core.package_identification:_identify(src/chapter5/yolov5_ros2) by extensions ['ignore', 'ignore_ament_install']
[5.506s] Level 1:colcon.colcon_core.package_identification:_identify(src/chapter5/yolov5_ros2) by extension 'ignore'
[5.506s] Level 1:colcon.colcon_core.package_identification:_identify(src/chapter5/yolov5_ros2) by extension 'ignore_ament_install'
[5.507s] Level 1:colcon.colcon_core.package_identification:_identify(src/chapter5/yolov5_ros2) by extensions ['colcon_pkg']
[5.507s] Level 1:colcon.colcon_core.package_identification:_identify(src/chapter5/yolov5_ros2) by extension 'colcon_pkg'
[5.507s] Level 1:colcon.colcon_core.package_identification:_identify(src/chapter5/yolov5_ros2) by extensions ['colcon_meta']
[5.507s] Level 1:colcon.colcon_core.package_identification:_identify(src/chapter5/yolov5_ros2) by extension 'colcon_meta'
[5.507s] Level 1:colcon.colcon_core.package_identification:_identify(src/chapter5/yolov5_ros2) by extensions ['ros']
[5.507s] Level 1:colcon.colcon_core.package_identification:_identify(src/chapter5/yolov5_ros2) by extension 'ros'
[5.510s] DEBUG:colcon.colcon_core.package_identification:Package 'src/chapter5/yolov5_ros2' with type 'ros.ament_python' and name 'yolov5_ros2'
[5.510s] Level 1:colcon.colcon_core.package_identification:_identify(src/ros2_aruco) by extensions ['ignore', 'ignore_ament_install']
[5.511s] Level 1:colcon.colcon_core.package_identification:_identify(src/ros2_aruco) by extension 'ignore'
[5.511s] Level 1:colcon.colcon_core.package_identification:_identify(src/ros2_aruco) by extension 'ignore_ament_install'
[5.511s] Level 1:colcon.colcon_core.package_identification:_identify(src/ros2_aruco) by extensions ['colcon_pkg']
[5.511s] Level 1:colcon.colcon_core.package_identification:_identify(src/ros2_aruco) by extension 'colcon_pkg'
[5.512s] Level 1:colcon.colcon_core.package_identification:_identify(src/ros2_aruco) by extensions ['colcon_meta']
[5.512s] Level 1:colcon.colcon_core.package_identification:_identify(src/ros2_aruco) by extension 'colcon_meta'
[5.512s] Level 1:colcon.colcon_core.package_identification:_identify(src/ros2_aruco) by extensions ['ros']
[5.512s] Level 1:colcon.colcon_core.package_identification:_identify(src/ros2_aruco) by extension 'ros'
[5.513s] Level 1:colcon.colcon_core.package_identification:_identify(src/ros2_aruco) by extensions ['cmake', 'python']
[5.513s] Level 1:colcon.colcon_core.package_identification:_identify(src/ros2_aruco) by extension 'cmake'
[5.513s] Level 1:colcon.colcon_core.package_identification:_identify(src/ros2_aruco) by extension 'python'
[5.513s] Level 1:colcon.colcon_core.package_identification:_identify(src/ros2_aruco) by extensions ['python_setup_py']
[5.513s] Level 1:colcon.colcon_core.package_identification:_identify(src/ros2_aruco) by extension 'python_setup_py'
[5.514s] Level 1:colcon.colcon_core.package_identification:_identify(src/ros2_aruco/ros2_aruco) by extensions ['ignore', 'ignore_ament_install']
[5.514s] Level 1:colcon.colcon_core.package_identification:_identify(src/ros2_aruco/ros2_aruco) by extension 'ignore'
[5.514s] Level 1:colcon.colcon_core.package_identification:_identify(src/ros2_aruco/ros2_aruco) by extension 'ignore_ament_install'
[5.515s] Level 1:colcon.colcon_core.package_identification:_identify(src/ros2_aruco/ros2_aruco) by extensions ['colcon_pkg']
[5.515s] Level 1:colcon.colcon_core.package_identification:_identify(src/ros2_aruco/ros2_aruco) by extension 'colcon_pkg'
[5.515s] Level 1:colcon.colcon_core.package_identification:_identify(src/ros2_aruco/ros2_aruco) by extensions ['colcon_meta']
[5.515s] Level 1:colcon.colcon_core.package_identification:_identify(src/ros2_aruco/ros2_aruco) by extension 'colcon_meta'
[5.515s] Level 1:colcon.colcon_core.package_identification:_identify(src/ros2_aruco/ros2_aruco) by extensions ['ros']
[5.516s] Level 1:colcon.colcon_core.package_identification:_identify(src/ros2_aruco/ros2_aruco) by extension 'ros'
[5.518s] DEBUG:colcon.colcon_core.package_identification:Package 'src/ros2_aruco/ros2_aruco' with type 'ros.ament_python' and name 'ros2_aruco'
[5.519s] Level 1:colcon.colcon_core.package_identification:_identify(src/ros2_aruco/ros2_aruco_interfaces) by extensions ['ignore', 'ignore_ament_install']
[5.519s] Level 1:colcon.colcon_core.package_identification:_identify(src/ros2_aruco/ros2_aruco_interfaces) by extension 'ignore'
[5.519s] Level 1:colcon.colcon_core.package_identification:_identify(src/ros2_aruco/ros2_aruco_interfaces) by extension 'ignore_ament_install'
[5.519s] Level 1:colcon.colcon_core.package_identification:_identify(src/ros2_aruco/ros2_aruco_interfaces) by extensions ['colcon_pkg']
[5.519s] Level 1:colcon.colcon_core.package_identification:_identify(src/ros2_aruco/ros2_aruco_interfaces) by extension 'colcon_pkg'
[5.520s] Level 1:colcon.colcon_core.package_identification:_identify(src/ros2_aruco/ros2_aruco_interfaces) by extensions ['colcon_meta']
[5.520s] Level 1:colcon.colcon_core.package_identification:_identify(src/ros2_aruco/ros2_aruco_interfaces) by extension 'colcon_meta'
[5.520s] Level 1:colcon.colcon_core.package_identification:_identify(src/ros2_aruco/ros2_aruco_interfaces) by extensions ['ros']
[5.520s] Level 1:colcon.colcon_core.package_identification:_identify(src/ros2_aruco/ros2_aruco_interfaces) by extension 'ros'
[5.523s] DEBUG:colcon.colcon_core.package_identification:Package 'src/ros2_aruco/ros2_aruco_interfaces' with type 'ros.ament_cmake' and name 'ros2_aruco_interfaces'
[5.523s] Level 1:colcon.colcon_core.package_identification:_identify(src/ros_arm) by extensions ['ignore', 'ignore_ament_install']
[5.524s] Level 1:colcon.colcon_core.package_identification:_identify(src/ros_arm) by extension 'ignore'
[5.524s] Level 1:colcon.colcon_core.package_identification:_identify(src/ros_arm) by extension 'ignore_ament_install'
[5.524s] Level 1:colcon.colcon_core.package_identification:_identify(src/ros_arm) by extensions ['colcon_pkg']
[5.524s] Level 1:colcon.colcon_core.package_identification:_identify(src/ros_arm) by extension 'colcon_pkg'
[5.525s] Level 1:colcon.colcon_core.package_identification:_identify(src/ros_arm) by extensions ['colcon_meta']
[5.525s] Level 1:colcon.colcon_core.package_identification:_identify(src/ros_arm) by extension 'colcon_meta'
[5.525s] Level 1:colcon.colcon_core.package_identification:_identify(src/ros_arm) by extensions ['ros']
[5.525s] Level 1:colcon.colcon_core.package_identification:_identify(src/ros_arm) by extension 'ros'
[5.525s] Level 1:colcon.colcon_core.package_identification:_identify(src/ros_arm) by extensions ['cmake', 'python']
[5.526s] Level 1:colcon.colcon_core.package_identification:_identify(src/ros_arm) by extension 'cmake'
[5.526s] Level 1:colcon.colcon_core.package_identification:_identify(src/ros_arm) by extension 'python'
[5.526s] Level 1:colcon.colcon_core.package_identification:_identify(src/ros_arm) by extensions ['python_setup_py']
[5.526s] Level 1:colcon.colcon_core.package_identification:_identify(src/ros_arm) by extension 'python_setup_py'
[5.526s] Level 1:colcon.colcon_core.package_discovery:discover_packages(recursive) using defaults
[5.526s] Level 1:colcon.colcon_core.package_discovery:discover_packages(ignore) discover
[5.527s] Level 1:colcon.colcon_core.package_discovery:discover_packages(ignore) using defaults
[5.527s] Level 1:colcon.colcon_core.package_discovery:discover_packages(path) discover
[5.527s] Level 1:colcon.colcon_core.package_discovery:discover_packages(path) using defaults
[5.956s] Level 1:colcon.colcon_core.package_discovery:discover_packages(prefix_path) check parameters
[5.956s] Level 1:colcon.colcon_core.package_discovery:discover_packages(prefix_path) discover
[6.106s] DEBUG:colcon.colcon_installed_package_information.package_discovery:Found 289 installed packages in /opt/ros/humble
[6.113s] Level 1:colcon.colcon_core.package_discovery:discover_packages(prefix_path) using defaults
[6.562s] Level 5:colcon.colcon_core.verb:set package 'opencv_ros2' build argument 'cmake_args' from command line to 'None'
[6.562s] Level 5:colcon.colcon_core.verb:set package 'opencv_ros2' build argument 'cmake_target' from command line to 'None'
[6.562s] Level 5:colcon.colcon_core.verb:set package 'opencv_ros2' build argument 'cmake_target_skip_unavailable' from command line to 'False'
[6.562s] Level 5:colcon.colcon_core.verb:set package 'opencv_ros2' build argument 'cmake_clean_cache' from command line to 'False'
[6.562s] Level 5:colcon.colcon_core.verb:set package 'opencv_ros2' build argument 'cmake_clean_first' from command line to 'False'
[6.562s] Level 5:colcon.colcon_core.verb:set package 'opencv_ros2' build argument 'cmake_force_configure' from command line to 'False'
[6.563s] Level 5:colcon.colcon_core.verb:set package 'opencv_ros2' build argument 'ament_cmake_args' from command line to 'None'
[6.563s] Level 5:colcon.colcon_core.verb:set package 'opencv_ros2' build argument 'catkin_cmake_args' from command line to 'None'
[6.563s] Level 5:colcon.colcon_core.verb:set package 'opencv_ros2' build argument 'catkin_skip_building_tests' from command line to 'False'
[6.563s] DEBUG:colcon.colcon_core.verb:Building package 'opencv_ros2' with the following arguments: {'ament_cmake_args': None, 'build_base': '/home/astrum/Tanegashima_Rocket_Contest_2024_Mission/arm/build/opencv_ros2', 'catkin_cmake_args': None, 'catkin_skip_building_tests': False, 'cmake_args': None, 'cmake_clean_cache': False, 'cmake_clean_first': False, 'cmake_force_configure': False, 'cmake_target': None, 'cmake_target_skip_unavailable': False, 'install_base': '/home/astrum/Tanegashima_Rocket_Contest_2024_Mission/arm/install/opencv_ros2', 'merge_install': False, 'path': '/home/astrum/Tanegashima_Rocket_Contest_2024_Mission/arm/src/chapter5/opencv_ros2', 'symlink_install': False, 'test_result_base': None}
[6.629s] Level 5:colcon.colcon_core.verb:set package 'ros2_aruco' build argument 'cmake_args' from command line to 'None'
[6.630s] Level 5:colcon.colcon_core.verb:set package 'ros2_aruco' build argument 'cmake_target' from command line to 'None'
[6.630s] Level 5:colcon.colcon_core.verb:set package 'ros2_aruco' build argument 'cmake_target_skip_unavailable' from command line to 'False'
[6.630s] Level 5:colcon.colcon_core.verb:set package 'ros2_aruco' build argument 'cmake_clean_cache' from command line to 'False'
[6.630s] Level 5:colcon.colcon_core.verb:set package 'ros2_aruco' build argument 'cmake_clean_first' from command line to 'False'
[6.630s] Level 5:colcon.colcon_core.verb:set package 'ros2_aruco' build argument 'cmake_force_configure' from command line to 'False'
[6.630s] Level 5:colcon.colcon_core.verb:set package 'ros2_aruco' build argument 'ament_cmake_args' from command line to 'None'
[6.630s] Level 5:colcon.colcon_core.verb:set package 'ros2_aruco' build argument 'catkin_cmake_args' from command line to 'None'
[6.630s] Level 5:colcon.colcon_core.verb:set package 'ros2_aruco' build argument 'catkin_skip_building_tests' from command line to 'False'
[6.630s] DEBUG:colcon.colcon_core.verb:Building package 'ros2_aruco' with the following arguments: {'ament_cmake_args': None, 'build_base': '/home/astrum/Tanegashima_Rocket_Contest_2024_Mission/arm/build/ros2_aruco', 'catkin_cmake_args': None, 'catkin_skip_building_tests': False, 'cmake_args': None, 'cmake_clean_cache': False, 'cmake_clean_first': False, 'cmake_force_configure': False, 'cmake_target': None, 'cmake_target_skip_unavailable': False, 'install_base': '/home/astrum/Tanegashima_Rocket_Contest_2024_Mission/arm/install/ros2_aruco', 'merge_install': False, 'path': '/home/astrum/Tanegashima_Rocket_Contest_2024_Mission/arm/src/ros2_aruco/ros2_aruco', 'symlink_install': False, 'test_result_base': None}
[6.695s] Level 5:colcon.colcon_core.verb:set package 'ros2_aruco_interfaces' build argument 'cmake_args' from command line to 'None'
[6.695s] Level 5:colcon.colcon_core.verb:set package 'ros2_aruco_interfaces' build argument 'cmake_target' from command line to 'None'
[6.696s] Level 5:colcon.colcon_core.verb:set package 'ros2_aruco_interfaces' build argument 'cmake_target_skip_unavailable' from command line to 'False'
[6.696s] Level 5:colcon.colcon_core.verb:set package 'ros2_aruco_interfaces' build argument 'cmake_clean_cache' from command line to 'False'
[6.696s] Level 5:colcon.colcon_core.verb:set package 'ros2_aruco_interfaces' build argument 'cmake_clean_first' from command line to 'False'
[6.696s] Level 5:colcon.colcon_core.verb:set package 'ros2_aruco_interfaces' build argument 'cmake_force_configure' from command line to 'False'
[6.696s] Level 5:colcon.colcon_core.verb:set package 'ros2_aruco_interfaces' build argument 'ament_cmake_args' from command line to 'None'
[6.696s] Level 5:colcon.colcon_core.verb:set package 'ros2_aruco_interfaces' build argument 'catkin_cmake_args' from command line to 'None'
[6.696s] Level 5:colcon.colcon_core.verb:set package 'ros2_aruco_interfaces' build argument 'catkin_skip_building_tests' from command line to 'False'
[6.696s] DEBUG:colcon.colcon_core.verb:Building package 'ros2_aruco_interfaces' with the following arguments: {'ament_cmake_args': None, 'build_base': '/home/astrum/Tanegashima_Rocket_Contest_2024_Mission/arm/build/ros2_aruco_interfaces', 'catkin_cmake_args': None, 'catkin_skip_building_tests': False, 'cmake_args': None, 'cmake_clean_cache': False, 'cmake_clean_first': False, 'cmake_force_configure': False, 'cmake_target': None, 'cmake_target_skip_unavailable': False, 'install_base': '/home/astrum/Tanegashima_Rocket_Contest_2024_Mission/arm/install/ros2_aruco_interfaces', 'merge_install': False, 'path': '/home/astrum/Tanegashima_Rocket_Contest_2024_Mission/arm/src/ros2_aruco/ros2_aruco_interfaces', 'symlink_install': False, 'test_result_base': None}
[6.761s] Level 5:colcon.colcon_core.verb:set package 'yolov5_ros2' build argument 'cmake_args' from command line to 'None'
[6.761s] Level 5:colcon.colcon_core.verb:set package 'yolov5_ros2' build argument 'cmake_target' from command line to 'None'
[6.761s] Level 5:colcon.colcon_core.verb:set package 'yolov5_ros2' build argument 'cmake_target_skip_unavailable' from command line to 'False'
[6.761s] Level 5:colcon.colcon_core.verb:set package 'yolov5_ros2' build argument 'cmake_clean_cache' from command line to 'False'
[6.761s] Level 5:colcon.colcon_core.verb:set package 'yolov5_ros2' build argument 'cmake_clean_first' from command line to 'False'
[6.761s] Level 5:colcon.colcon_core.verb:set package 'yolov5_ros2' build argument 'cmake_force_configure' from command line to 'False'
[6.761s] Level 5:colcon.colcon_core.verb:set package 'yolov5_ros2' build argument 'ament_cmake_args' from command line to 'None'
[6.762s] Level 5:colcon.colcon_core.verb:set package 'yolov5_ros2' build argument 'catkin_cmake_args' from command line to 'None'
[6.762s] Level 5:colcon.colcon_core.verb:set package 'yolov5_ros2' build argument 'catkin_skip_building_tests' from command line to 'False'
[6.762s] DEBUG:colcon.colcon_core.verb:Building package 'yolov5_ros2' with the following arguments: {'ament_cmake_args': None, 'build_base': '/home/astrum/Tanegashima_Rocket_Contest_2024_Mission/arm/build/yolov5_ros2', 'catkin_cmake_args': None, 'catkin_skip_building_tests': False, 'cmake_args': None, 'cmake_clean_cache': False, 'cmake_clean_first': False, 'cmake_force_configure': False, 'cmake_target': None, 'cmake_target_skip_unavailable': False, 'install_base': '/home/astrum/Tanegashima_Rocket_Contest_2024_Mission/arm/install/yolov5_ros2', 'merge_install': False, 'path': '/home/astrum/Tanegashima_Rocket_Contest_2024_Mission/arm/src/chapter5/yolov5_ros2', 'symlink_install': False, 'test_result_base': None}
[6.825s] INFO:colcon.colcon_core.executor:Executing jobs using 'parallel' executor
[6.891s] DEBUG:colcon.colcon_parallel_executor.executor.parallel:run_until_complete
[6.893s] INFO:colcon.colcon_ros.task.ament_python.build:Building ROS package in '/home/astrum/Tanegashima_Rocket_Contest_2024_Mission/arm/src/chapter5/opencv_ros2' with build type 'ament_python'
[6.893s] Level 1:colcon.colcon_core.shell:create_environment_hook('opencv_ros2', 'ament_prefix_path')
[6.981s] INFO:colcon.colcon_core.plugin_system:Skipping extension 'colcon_core.shell.bat': Not used on non-Windows systems
[6.981s] INFO:colcon.colcon_core.shell:Creating environment hook '/home/astrum/Tanegashima_Rocket_Contest_2024_Mission/arm/install/opencv_ros2/share/opencv_ros2/hook/ament_prefix_path.ps1'
[6.986s] INFO:colcon.colcon_core.shell:Creating environment descriptor '/home/astrum/Tanegashima_Rocket_Contest_2024_Mission/arm/install/opencv_ros2/share/opencv_ros2/hook/ament_prefix_path.dsv'
[6.989s] INFO:colcon.colcon_core.shell:Creating environment hook '/home/astrum/Tanegashima_Rocket_Contest_2024_Mission/arm/install/opencv_ros2/share/opencv_ros2/hook/ament_prefix_path.sh'
[7.058s] INFO:colcon.colcon_core.shell:Skip shell extension 'powershell' for command environment: Not usable outside of PowerShell
[7.058s] DEBUG:colcon.colcon_core.shell:Skip shell extension 'dsv' for command environment
[7.206s] INFO:colcon.colcon_ros.task.ament_python.build:Building ROS package in '/home/astrum/Tanegashima_Rocket_Contest_2024_Mission/arm/src/ros2_aruco/ros2_aruco' with build type 'ament_python'
[7.206s] Level 1:colcon.colcon_core.shell:create_environment_hook('ros2_aruco', 'ament_prefix_path')
[7.276s] INFO:colcon.colcon_core.shell:Creating environment hook '/home/astrum/Tanegashima_Rocket_Contest_2024_Mission/arm/install/ros2_aruco/share/ros2_aruco/hook/ament_prefix_path.ps1'
[7.278s] INFO:colcon.colcon_core.shell:Creating environment descriptor '/home/astrum/Tanegashima_Rocket_Contest_2024_Mission/arm/install/ros2_aruco/share/ros2_aruco/hook/ament_prefix_path.dsv'
[7.279s] INFO:colcon.colcon_core.shell:Creating environment hook '/home/astrum/Tanegashima_Rocket_Contest_2024_Mission/arm/install/ros2_aruco/share/ros2_aruco/hook/ament_prefix_path.sh'
[7.346s] INFO:colcon.colcon_core.shell:Skip shell extension 'powershell' for command environment: Not usable outside of PowerShell
[7.346s] DEBUG:colcon.colcon_core.shell:Skip shell extension 'dsv' for command environment
[7.489s] INFO:colcon.colcon_ros.task.ament_cmake.build:Building ROS package in '/home/astrum/Tanegashima_Rocket_Contest_2024_Mission/arm/src/ros2_aruco/ros2_aruco_interfaces' with build type 'ament_cmake'
[7.489s] INFO:colcon.colcon_cmake.task.cmake.build:Building CMake package in '/home/astrum/Tanegashima_Rocket_Contest_2024_Mission/arm/src/ros2_aruco/ros2_aruco_interfaces'
[7.559s] INFO:colcon.colcon_core.shell:Skip shell extension 'powershell' for command environment: Not usable outside of PowerShell
[7.559s] DEBUG:colcon.colcon_core.shell:Skip shell extension 'dsv' for command environment
[7.702s] INFO:colcon.colcon_ros.task.ament_python.build:Building ROS package in '/home/astrum/Tanegashima_Rocket_Contest_2024_Mission/arm/src/chapter5/yolov5_ros2' with build type 'ament_python'
[7.703s] Level 1:colcon.colcon_core.shell:create_environment_hook('yolov5_ros2', 'ament_prefix_path')
[7.770s] INFO:colcon.colcon_core.shell:Creating environment hook '/home/astrum/Tanegashima_Rocket_Contest_2024_Mission/arm/install/yolov5_ros2/share/yolov5_ros2/hook/ament_prefix_path.ps1'
[7.773s] INFO:colcon.colcon_core.shell:Creating environment descriptor '/home/astrum/Tanegashima_Rocket_Contest_2024_Mission/arm/install/yolov5_ros2/share/yolov5_ros2/hook/ament_prefix_path.dsv'
[7.774s] INFO:colcon.colcon_core.shell:Creating environment hook '/home/astrum/Tanegashima_Rocket_Contest_2024_Mission/arm/install/yolov5_ros2/share/yolov5_ros2/hook/ament_prefix_path.sh'
[7.841s] INFO:colcon.colcon_core.shell:Skip shell extension 'powershell' for command environment: Not usable outside of PowerShell
[7.841s] DEBUG:colcon.colcon_core.shell:Skip shell extension 'dsv' for command environment
[9.165s] INFO:colcon.colcon_core.task.python.build:Building Python package in '/home/astrum/Tanegashima_Rocket_Contest_2024_Mission/arm/src/chapter5/opencv_ros2'
[9.231s] INFO:colcon.colcon_core.shell:Skip shell extension 'powershell' for command environment: Not usable outside of PowerShell
[9.231s] DEBUG:colcon.colcon_core.shell:Skip shell extension 'dsv' for command environment
[10.530s] INFO:colcon.colcon_core.task.python.build:Building Python package in '/home/astrum/Tanegashima_Rocket_Contest_2024_Mission/arm/src/ros2_aruco/ros2_aruco'
[10.596s] INFO:colcon.colcon_core.shell:Skip shell extension 'powershell' for command environment: Not usable outside of PowerShell
[10.596s] DEBUG:colcon.colcon_core.shell:Skip shell extension 'dsv' for command environment
[10.755s] DEBUG:colcon.colcon_core.event_handler.log_command:Invoking command in '/home/astrum/Tanegashima_Rocket_Contest_2024_Mission/arm/build/ros2_aruco_interfaces': CMAKE_PREFIX_PATH=/opt/ros/humble /usr/bin/cmake /home/astrum/Tanegashima_Rocket_Contest_2024_Mission/arm/src/ros2_aruco/ros2_aruco_interfaces -DCMAKE_INSTALL_PREFIX=/home/astrum/Tanegashima_Rocket_Contest_2024_Mission/arm/install/ros2_aruco_interfaces
[12.174s] INFO:colcon.colcon_core.task.python.build:Building Python package in '/home/astrum/Tanegashima_Rocket_Contest_2024_Mission/arm/src/chapter5/yolov5_ros2'
[12.254s] INFO:colcon.colcon_core.shell:Skip shell extension 'powershell' for command environment: Not usable outside of PowerShell
[12.254s] DEBUG:colcon.colcon_core.shell:Skip shell extension 'dsv' for command environment
[15.120s] DEBUG:colcon.colcon_core.event_handler.log_command:Invoking command in '/home/astrum/Tanegashima_Rocket_Contest_2024_Mission/arm/src/ros2_aruco/ros2_aruco': PYTHONPATH=/home/astrum/Tanegashima_Rocket_Contest_2024_Mission/arm/build/ros2_aruco/prefix_override:/home/astrum/Tanegashima_Rocket_Contest_2024_Mission/arm/install/ros2_aruco/lib/python3.10/site-packages:${PYTHONPATH} /usr/bin/python3 setup.py egg_info --egg-base ../../../build/ros2_aruco build --build-base /home/astrum/Tanegashima_Rocket_Contest_2024_Mission/arm/build/ros2_aruco/build install --record /home/astrum/Tanegashima_Rocket_Contest_2024_Mission/arm/build/ros2_aruco/install.log --single-version-externally-managed
[15.132s] DEBUG:colcon.colcon_core.event_handler.log_command:Invoking command in '/home/astrum/Tanegashima_Rocket_Contest_2024_Mission/arm/src/chapter5/opencv_ros2': PYTHONPATH=/home/astrum/Tanegashima_Rocket_Contest_2024_Mission/arm/build/opencv_ros2/prefix_override:/home/astrum/Tanegashima_Rocket_Contest_2024_Mission/arm/install/opencv_ros2/lib/python3.10/site-packages:${PYTHONPATH} /usr/bin/python3 setup.py egg_info --egg-base ../../../build/opencv_ros2 build --build-base /home/astrum/Tanegashima_Rocket_Contest_2024_Mission/arm/build/opencv_ros2/build install --record /home/astrum/Tanegashima_Rocket_Contest_2024_Mission/arm/build/opencv_ros2/install.log --install-scripts $base/lib/opencv_ros2 --single-version-externally-managed
[15.151s] DEBUG:colcon.colcon_core.event_handler.log_command:Invoking command in '/home/astrum/Tanegashima_Rocket_Contest_2024_Mission/arm/src/chapter5/yolov5_ros2': PYTHONPATH=/home/astrum/Tanegashima_Rocket_Contest_2024_Mission/arm/build/yolov5_ros2/prefix_override:/home/astrum/Tanegashima_Rocket_Contest_2024_Mission/arm/install/yolov5_ros2/lib/python3.10/site-packages:${PYTHONPATH} /usr/bin/python3 setup.py egg_info --egg-base ../../../build/yolov5_ros2 build --build-base /home/astrum/Tanegashima_Rocket_Contest_2024_Mission/arm/build/yolov5_ros2/build install --record /home/astrum/Tanegashima_Rocket_Contest_2024_Mission/arm/build/yolov5_ros2/install.log --install-scripts $base/lib/yolov5_ros2 --single-version-externally-managed
[17.211s] DEBUG:colcon.colcon_core.event_handler.log_command:Invoked command in '/home/astrum/Tanegashima_Rocket_Contest_2024_Mission/arm/src/ros2_aruco/ros2_aruco' returned '0': PYTHONPATH=/home/astrum/Tanegashima_Rocket_Contest_2024_Mission/arm/build/ros2_aruco/prefix_override:/home/astrum/Tanegashima_Rocket_Contest_2024_Mission/arm/install/ros2_aruco/lib/python3.10/site-packages:${PYTHONPATH} /usr/bin/python3 setup.py egg_info --egg-base ../../../build/ros2_aruco build --build-base /home/astrum/Tanegashima_Rocket_Contest_2024_Mission/arm/build/ros2_aruco/build install --record /home/astrum/Tanegashima_Rocket_Contest_2024_Mission/arm/build/ros2_aruco/install.log --single-version-externally-managed
[17.447s] Level 1:colcon.colcon_core.environment:checking '/home/astrum/Tanegashima_Rocket_Contest_2024_Mission/arm/install/ros2_aruco' for CMake module files
[17.450s] Level 1:colcon.colcon_core.environment:checking '/home/astrum/Tanegashima_Rocket_Contest_2024_Mission/arm/install/ros2_aruco' for CMake config files
[17.454s] Level 1:colcon.colcon_core.environment:checking '/home/astrum/Tanegashima_Rocket_Contest_2024_Mission/arm/install/ros2_aruco/lib'
[17.455s] Level 1:colcon.colcon_core.environment:checking '/home/astrum/Tanegashima_Rocket_Contest_2024_Mission/arm/install/ros2_aruco/bin'
[17.455s] Level 1:colcon.colcon_core.environment:checking '/home/astrum/Tanegashima_Rocket_Contest_2024_Mission/arm/install/ros2_aruco/lib/pkgconfig/ros2_aruco.pc'
[17.457s] Level 1:colcon.colcon_core.environment:checking '/home/astrum/Tanegashima_Rocket_Contest_2024_Mission/arm/install/ros2_aruco/lib/python3.10/site-packages'
[17.457s] Level 1:colcon.colcon_core.shell:create_environment_hook('ros2_aruco', 'pythonpath')
[17.533s] INFO:colcon.colcon_core.shell:Creating environment hook '/home/astrum/Tanegashima_Rocket_Contest_2024_Mission/arm/install/ros2_aruco/share/ros2_aruco/hook/pythonpath.ps1'
[17.536s] INFO:colcon.colcon_core.shell:Creating environment descriptor '/home/astrum/Tanegashima_Rocket_Contest_2024_Mission/arm/install/ros2_aruco/share/ros2_aruco/hook/pythonpath.dsv'
[17.538s] INFO:colcon.colcon_core.shell:Creating environment hook '/home/astrum/Tanegashima_Rocket_Contest_2024_Mission/arm/install/ros2_aruco/share/ros2_aruco/hook/pythonpath.sh'
[17.541s] Level 1:colcon.colcon_core.environment:checking '/home/astrum/Tanegashima_Rocket_Contest_2024_Mission/arm/install/ros2_aruco/bin'
[17.541s] Level 1:colcon.colcon_core.environment:create_environment_scripts_only(ros2_aruco)
[17.616s] INFO:colcon.colcon_core.shell:Creating package script '/home/astrum/Tanegashima_Rocket_Contest_2024_Mission/arm/install/ros2_aruco/share/ros2_aruco/package.ps1'
[17.622s] INFO:colcon.colcon_core.shell:Creating package descriptor '/home/astrum/Tanegashima_Rocket_Contest_2024_Mission/arm/install/ros2_aruco/share/ros2_aruco/package.dsv'
[17.626s] INFO:colcon.colcon_core.shell:Creating package script '/home/astrum/Tanegashima_Rocket_Contest_2024_Mission/arm/install/ros2_aruco/share/ros2_aruco/package.sh'
[17.631s] INFO:colcon.colcon_core.shell:Creating package script '/home/astrum/Tanegashima_Rocket_Contest_2024_Mission/arm/install/ros2_aruco/share/ros2_aruco/package.bash'
[17.635s] INFO:colcon.colcon_core.shell:Creating package script '/home/astrum/Tanegashima_Rocket_Contest_2024_Mission/arm/install/ros2_aruco/share/ros2_aruco/package.zsh'
[17.639s] Level 1:colcon.colcon_core.environment:create_file_with_runtime_dependencies(/home/astrum/Tanegashima_Rocket_Contest_2024_Mission/arm/install/ros2_aruco/share/colcon-core/packages/ros2_aruco)
[17.648s] DEBUG:colcon.colcon_core.event_handler.log_command:Invoked command in '/home/astrum/Tanegashima_Rocket_Contest_2024_Mission/arm/src/chapter5/opencv_ros2' returned '0': PYTHONPATH=/home/astrum/Tanegashima_Rocket_Contest_2024_Mission/arm/build/opencv_ros2/prefix_override:/home/astrum/Tanegashima_Rocket_Contest_2024_Mission/arm/install/opencv_ros2/lib/python3.10/site-packages:${PYTHONPATH} /usr/bin/python3 setup.py egg_info --egg-base ../../../build/opencv_ros2 build --build-base /home/astrum/Tanegashima_Rocket_Contest_2024_Mission/arm/build/opencv_ros2/build install --record /home/astrum/Tanegashima_Rocket_Contest_2024_Mission/arm/build/opencv_ros2/install.log --install-scripts $base/lib/opencv_ros2 --single-version-externally-managed
[17.735s] Level 1:colcon.colcon_core.environment:checking '/home/astrum/Tanegashima_Rocket_Contest_2024_Mission/arm/install/opencv_ros2' for CMake module files
[17.738s] Level 1:colcon.colcon_core.environment:checking '/home/astrum/Tanegashima_Rocket_Contest_2024_Mission/arm/install/opencv_ros2' for CMake config files
[17.742s] Level 1:colcon.colcon_core.environment:checking '/home/astrum/Tanegashima_Rocket_Contest_2024_Mission/arm/install/opencv_ros2/lib'
[17.743s] Level 1:colcon.colcon_core.environment:checking '/home/astrum/Tanegashima_Rocket_Contest_2024_Mission/arm/install/opencv_ros2/bin'
[17.743s] Level 1:colcon.colcon_core.environment:checking '/home/astrum/Tanegashima_Rocket_Contest_2024_Mission/arm/install/opencv_ros2/lib/pkgconfig/opencv_ros2.pc'
[17.745s] Level 1:colcon.colcon_core.environment:checking '/home/astrum/Tanegashima_Rocket_Contest_2024_Mission/arm/install/opencv_ros2/lib/python3.10/site-packages'
[17.746s] Level 1:colcon.colcon_core.shell:create_environment_hook('opencv_ros2', 'pythonpath')
[17.843s] INFO:colcon.colcon_core.shell:Creating environment hook '/home/astrum/Tanegashima_Rocket_Contest_2024_Mission/arm/install/opencv_ros2/share/opencv_ros2/hook/pythonpath.ps1'
[17.846s] INFO:colcon.colcon_core.shell:Creating environment descriptor '/home/astrum/Tanegashima_Rocket_Contest_2024_Mission/arm/install/opencv_ros2/share/opencv_ros2/hook/pythonpath.dsv'
[17.847s] INFO:colcon.colcon_core.shell:Creating environment hook '/home/astrum/Tanegashima_Rocket_Contest_2024_Mission/arm/install/opencv_ros2/share/opencv_ros2/hook/pythonpath.sh'
[17.849s] Level 1:colcon.colcon_core.environment:checking '/home/astrum/Tanegashima_Rocket_Contest_2024_Mission/arm/install/opencv_ros2/bin'
[17.850s] Level 1:colcon.colcon_core.environment:create_environment_scripts_only(opencv_ros2)
[17.945s] INFO:colcon.colcon_core.shell:Creating package script '/home/astrum/Tanegashima_Rocket_Contest_2024_Mission/arm/install/opencv_ros2/share/opencv_ros2/package.ps1'
[17.948s] INFO:colcon.colcon_core.shell:Creating package descriptor '/home/astrum/Tanegashima_Rocket_Contest_2024_Mission/arm/install/opencv_ros2/share/opencv_ros2/package.dsv'
[17.951s] INFO:colcon.colcon_core.shell:Creating package script '/home/astrum/Tanegashima_Rocket_Contest_2024_Mission/arm/install/opencv_ros2/share/opencv_ros2/package.sh'
[17.953s] INFO:colcon.colcon_core.shell:Creating package script '/home/astrum/Tanegashima_Rocket_Contest_2024_Mission/arm/install/opencv_ros2/share/opencv_ros2/package.bash'
[17.954s] INFO:colcon.colcon_core.shell:Creating package script '/home/astrum/Tanegashima_Rocket_Contest_2024_Mission/arm/install/opencv_ros2/share/opencv_ros2/package.zsh'
[17.955s] Level 1:colcon.colcon_core.environment:create_file_with_runtime_dependencies(/home/astrum/Tanegashima_Rocket_Contest_2024_Mission/arm/install/opencv_ros2/share/colcon-core/packages/opencv_ros2)
[17.963s] DEBUG:colcon.colcon_core.event_handler.log_command:Invoked command in '/home/astrum/Tanegashima_Rocket_Contest_2024_Mission/arm/src/chapter5/yolov5_ros2' returned '0': PYTHONPATH=/home/astrum/Tanegashima_Rocket_Contest_2024_Mission/arm/build/yolov5_ros2/prefix_override:/home/astrum/Tanegashima_Rocket_Contest_2024_Mission/arm/install/yolov5_ros2/lib/python3.10/site-packages:${PYTHONPATH} /usr/bin/python3 setup.py egg_info --egg-base ../../../build/yolov5_ros2 build --build-base /home/astrum/Tanegashima_Rocket_Contest_2024_Mission/arm/build/yolov5_ros2/build install --record /home/astrum/Tanegashima_Rocket_Contest_2024_Mission/arm/build/yolov5_ros2/install.log --install-scripts $base/lib/yolov5_ros2 --single-version-externally-managed
[18.047s] Level 1:colcon.colcon_core.environment:checking '/home/astrum/Tanegashima_Rocket_Contest_2024_Mission/arm/install/yolov5_ros2' for CMake module files
[18.050s] Level 1:colcon.colcon_core.environment:checking '/home/astrum/Tanegashima_Rocket_Contest_2024_Mission/arm/install/yolov5_ros2' for CMake config files
[18.055s] Level 1:colcon.colcon_core.environment:checking '/home/astrum/Tanegashima_Rocket_Contest_2024_Mission/arm/install/yolov5_ros2/lib'
[18.055s] Level 1:colcon.colcon_core.environment:checking '/home/astrum/Tanegashima_Rocket_Contest_2024_Mission/arm/install/yolov5_ros2/bin'
[18.056s] Level 1:colcon.colcon_core.environment:checking '/home/astrum/Tanegashima_Rocket_Contest_2024_Mission/arm/install/yolov5_ros2/lib/pkgconfig/yolov5_ros2.pc'
[18.057s] Level 1:colcon.colcon_core.environment:checking '/home/astrum/Tanegashima_Rocket_Contest_2024_Mission/arm/install/yolov5_ros2/lib/python3.10/site-packages'
[18.058s] Level 1:colcon.colcon_core.shell:create_environment_hook('yolov5_ros2', 'pythonpath')
[18.160s] INFO:colcon.colcon_core.shell:Creating environment hook '/home/astrum/Tanegashima_Rocket_Contest_2024_Mission/arm/install/yolov5_ros2/share/yolov5_ros2/hook/pythonpath.ps1'
[18.164s] INFO:colcon.colcon_core.shell:Creating environment descriptor '/home/astrum/Tanegashima_Rocket_Contest_2024_Mission/arm/install/yolov5_ros2/share/yolov5_ros2/hook/pythonpath.dsv'
[18.167s] INFO:colcon.colcon_core.shell:Creating environment hook '/home/astrum/Tanegashima_Rocket_Contest_2024_Mission/arm/install/yolov5_ros2/share/yolov5_ros2/hook/pythonpath.sh'
[18.171s] Level 1:colcon.colcon_core.environment:checking '/home/astrum/Tanegashima_Rocket_Contest_2024_Mission/arm/install/yolov5_ros2/bin'
[18.172s] Level 1:colcon.colcon_core.environment:create_environment_scripts_only(yolov5_ros2)
[18.246s] INFO:colcon.colcon_core.shell:Creating package script '/home/astrum/Tanegashima_Rocket_Contest_2024_Mission/arm/install/yolov5_ros2/share/yolov5_ros2/package.ps1'
[18.249s] INFO:colcon.colcon_core.shell:Creating package descriptor '/home/astrum/Tanegashima_Rocket_Contest_2024_Mission/arm/install/yolov5_ros2/share/yolov5_ros2/package.dsv'
[18.251s] INFO:colcon.colcon_core.shell:Creating package script '/home/astrum/Tanegashima_Rocket_Contest_2024_Mission/arm/install/yolov5_ros2/share/yolov5_ros2/package.sh'
[18.253s] INFO:colcon.colcon_core.shell:Creating package script '/home/astrum/Tanegashima_Rocket_Contest_2024_Mission/arm/install/yolov5_ros2/share/yolov5_ros2/package.bash'
[18.255s] INFO:colcon.colcon_core.shell:Creating package script '/home/astrum/Tanegashima_Rocket_Contest_2024_Mission/arm/install/yolov5_ros2/share/yolov5_ros2/package.zsh'
[18.256s] Level 1:colcon.colcon_core.environment:create_file_with_runtime_dependencies(/home/astrum/Tanegashima_Rocket_Contest_2024_Mission/arm/install/yolov5_ros2/share/colcon-core/packages/yolov5_ros2)
[22.969s] DEBUG:colcon.colcon_core.event_handler.log_command:Invoked command in '/home/astrum/Tanegashima_Rocket_Contest_2024_Mission/arm/build/ros2_aruco_interfaces' returned '0': CMAKE_PREFIX_PATH=/opt/ros/humble /usr/bin/cmake /home/astrum/Tanegashima_Rocket_Contest_2024_Mission/arm/src/ros2_aruco/ros2_aruco_interfaces -DCMAKE_INSTALL_PREFIX=/home/astrum/Tanegashima_Rocket_Contest_2024_Mission/arm/install/ros2_aruco_interfaces
[22.979s] DEBUG:colcon.colcon_core.event_handler.log_command:Invoking command in '/home/astrum/Tanegashima_Rocket_Contest_2024_Mission/arm/build/ros2_aruco_interfaces': CMAKE_PREFIX_PATH=/opt/ros/humble /usr/bin/cmake --build /home/astrum/Tanegashima_Rocket_Contest_2024_Mission/arm/build/ros2_aruco_interfaces -- -j4 -l4
[34.683s] DEBUG:colcon.colcon_core.event_handler.log_command:Invoked command in '/home/astrum/Tanegashima_Rocket_Contest_2024_Mission/arm/build/ros2_aruco_interfaces' returned '0': CMAKE_PREFIX_PATH=/opt/ros/humble /usr/bin/cmake --build /home/astrum/Tanegashima_Rocket_Contest_2024_Mission/arm/build/ros2_aruco_interfaces -- -j4 -l4
[35.030s] DEBUG:colcon.colcon_core.event_handler.log_command:Invoking command in '/home/astrum/Tanegashima_Rocket_Contest_2024_Mission/arm/build/ros2_aruco_interfaces': CMAKE_PREFIX_PATH=/opt/ros/humble /usr/bin/cmake --install /home/astrum/Tanegashima_Rocket_Contest_2024_Mission/arm/build/ros2_aruco_interfaces
[35.423s] Level 1:colcon.colcon_core.environment:create_environment_scripts_only(ros2_aruco_interfaces)
[35.425s] DEBUG:colcon.colcon_core.event_handler.log_command:Invoked command in '/home/astrum/Tanegashima_Rocket_Contest_2024_Mission/arm/build/ros2_aruco_interfaces' returned '0': CMAKE_PREFIX_PATH=/opt/ros/humble /usr/bin/cmake --install /home/astrum/Tanegashima_Rocket_Contest_2024_Mission/arm/build/ros2_aruco_interfaces
[35.492s] Level 1:colcon.colcon_core.environment:checking '/home/astrum/Tanegashima_Rocket_Contest_2024_Mission/arm/install/ros2_aruco_interfaces' for CMake module files
[35.497s] Level 1:colcon.colcon_core.environment:checking '/home/astrum/Tanegashima_Rocket_Contest_2024_Mission/arm/install/ros2_aruco_interfaces' for CMake config files
[35.500s] Level 1:colcon.colcon_core.shell:create_environment_hook('ros2_aruco_interfaces', 'cmake_prefix_path')
[35.565s] INFO:colcon.colcon_core.shell:Creating environment hook '/home/astrum/Tanegashima_Rocket_Contest_2024_Mission/arm/install/ros2_aruco_interfaces/share/ros2_aruco_interfaces/hook/cmake_prefix_path.ps1'
[35.567s] INFO:colcon.colcon_core.shell:Creating environment descriptor '/home/astrum/Tanegashima_Rocket_Contest_2024_Mission/arm/install/ros2_aruco_interfaces/share/ros2_aruco_interfaces/hook/cmake_prefix_path.dsv'
[35.568s] INFO:colcon.colcon_core.shell:Creating environment hook '/home/astrum/Tanegashima_Rocket_Contest_2024_Mission/arm/install/ros2_aruco_interfaces/share/ros2_aruco_interfaces/hook/cmake_prefix_path.sh'
[35.571s] Level 1:colcon.colcon_core.environment:checking '/home/astrum/Tanegashima_Rocket_Contest_2024_Mission/arm/install/ros2_aruco_interfaces/lib'
[35.571s] Level 1:colcon.colcon_core.shell:create_environment_hook('ros2_aruco_interfaces', 'ld_library_path_lib')
[35.635s] INFO:colcon.colcon_core.shell:Creating environment hook '/home/astrum/Tanegashima_Rocket_Contest_2024_Mission/arm/install/ros2_aruco_interfaces/share/ros2_aruco_interfaces/hook/ld_library_path_lib.ps1'
[35.637s] INFO:colcon.colcon_core.shell:Creating environment descriptor '/home/astrum/Tanegashima_Rocket_Contest_2024_Mission/arm/install/ros2_aruco_interfaces/share/ros2_aruco_interfaces/hook/ld_library_path_lib.dsv'
[35.638s] INFO:colcon.colcon_core.shell:Creating environment hook '/home/astrum/Tanegashima_Rocket_Contest_2024_Mission/arm/install/ros2_aruco_interfaces/share/ros2_aruco_interfaces/hook/ld_library_path_lib.sh'
[35.640s] Level 1:colcon.colcon_core.environment:checking '/home/astrum/Tanegashima_Rocket_Contest_2024_Mission/arm/install/ros2_aruco_interfaces/bin'
[35.640s] Level 1:colcon.colcon_core.environment:checking '/home/astrum/Tanegashima_Rocket_Contest_2024_Mission/arm/install/ros2_aruco_interfaces/lib/pkgconfig/ros2_aruco_interfaces.pc'
[35.641s] Level 1:colcon.colcon_core.environment:checking '/home/astrum/Tanegashima_Rocket_Contest_2024_Mission/arm/install/ros2_aruco_interfaces/lib/python3.10/site-packages'
[35.642s] Level 1:colcon.colcon_core.environment:checking '/home/astrum/Tanegashima_Rocket_Contest_2024_Mission/arm/install/ros2_aruco_interfaces/bin'
[35.707s] INFO:colcon.colcon_core.shell:Creating package script '/home/astrum/Tanegashima_Rocket_Contest_2024_Mission/arm/install/ros2_aruco_interfaces/share/ros2_aruco_interfaces/package.ps1'
[35.709s] INFO:colcon.colcon_core.shell:Creating package descriptor '/home/astrum/Tanegashima_Rocket_Contest_2024_Mission/arm/install/ros2_aruco_interfaces/share/ros2_aruco_interfaces/package.dsv'
[35.711s] INFO:colcon.colcon_core.shell:Creating package script '/home/astrum/Tanegashima_Rocket_Contest_2024_Mission/arm/install/ros2_aruco_interfaces/share/ros2_aruco_interfaces/package.sh'
[35.713s] INFO:colcon.colcon_core.shell:Creating package script '/home/astrum/Tanegashima_Rocket_Contest_2024_Mission/arm/install/ros2_aruco_interfaces/share/ros2_aruco_interfaces/package.bash'
[35.715s] INFO:colcon.colcon_core.shell:Creating package script '/home/astrum/Tanegashima_Rocket_Contest_2024_Mission/arm/install/ros2_aruco_interfaces/share/ros2_aruco_interfaces/package.zsh'
[35.716s] Level 1:colcon.colcon_core.environment:create_file_with_runtime_dependencies(/home/astrum/Tanegashima_Rocket_Contest_2024_Mission/arm/install/ros2_aruco_interfaces/share/colcon-core/packages/ros2_aruco_interfaces)
[36.087s] Level 1:colcon.colcon_core.environment:create_environment_scripts_only(ros2_aruco_interfaces)
[36.152s] Level 1:colcon.colcon_core.environment:checking '/home/astrum/Tanegashima_Rocket_Contest_2024_Mission/arm/install/ros2_aruco_interfaces' for CMake module files
[36.157s] Level 1:colcon.colcon_core.environment:checking '/home/astrum/Tanegashima_Rocket_Contest_2024_Mission/arm/install/ros2_aruco_interfaces' for CMake config files
[36.161s] Level 1:colcon.colcon_core.shell:create_environment_hook('ros2_aruco_interfaces', 'cmake_prefix_path')
[36.225s] INFO:colcon.colcon_core.shell:Creating environment hook '/home/astrum/Tanegashima_Rocket_Contest_2024_Mission/arm/install/ros2_aruco_interfaces/share/ros2_aruco_interfaces/hook/cmake_prefix_path.ps1'
[36.227s] INFO:colcon.colcon_core.shell:Creating environment descriptor '/home/astrum/Tanegashima_Rocket_Contest_2024_Mission/arm/install/ros2_aruco_interfaces/share/ros2_aruco_interfaces/hook/cmake_prefix_path.dsv'
[36.229s] INFO:colcon.colcon_core.shell:Creating environment hook '/home/astrum/Tanegashima_Rocket_Contest_2024_Mission/arm/install/ros2_aruco_interfaces/share/ros2_aruco_interfaces/hook/cmake_prefix_path.sh'
[36.231s] Level 1:colcon.colcon_core.environment:checking '/home/astrum/Tanegashima_Rocket_Contest_2024_Mission/arm/install/ros2_aruco_interfaces/lib'
[36.232s] Level 1:colcon.colcon_core.shell:create_environment_hook('ros2_aruco_interfaces', 'ld_library_path_lib')
[36.299s] INFO:colcon.colcon_core.shell:Creating environment hook '/home/astrum/Tanegashima_Rocket_Contest_2024_Mission/arm/install/ros2_aruco_interfaces/share/ros2_aruco_interfaces/hook/ld_library_path_lib.ps1'
[36.301s] INFO:colcon.colcon_core.shell:Creating environment descriptor '/home/astrum/Tanegashima_Rocket_Contest_2024_Mission/arm/install/ros2_aruco_interfaces/share/ros2_aruco_interfaces/hook/ld_library_path_lib.dsv'
[36.303s] INFO:colcon.colcon_core.shell:Creating environment hook '/home/astrum/Tanegashima_Rocket_Contest_2024_Mission/arm/install/ros2_aruco_interfaces/share/ros2_aruco_interfaces/hook/ld_library_path_lib.sh'
[36.305s] Level 1:colcon.colcon_core.environment:checking '/home/astrum/Tanegashima_Rocket_Contest_2024_Mission/arm/install/ros2_aruco_interfaces/bin'
[36.305s] Level 1:colcon.colcon_core.environment:checking '/home/astrum/Tanegashima_Rocket_Contest_2024_Mission/arm/install/ros2_aruco_interfaces/lib/pkgconfig/ros2_aruco_interfaces.pc'
[36.306s] Level 1:colcon.colcon_core.environment:checking '/home/astrum/Tanegashima_Rocket_Contest_2024_Mission/arm/install/ros2_aruco_interfaces/lib/python3.10/site-packages'
[36.307s] Level 1:colcon.colcon_core.environment:checking '/home/astrum/Tanegashima_Rocket_Contest_2024_Mission/arm/install/ros2_aruco_interfaces/bin'
[36.373s] INFO:colcon.colcon_core.shell:Creating package script '/home/astrum/Tanegashima_Rocket_Contest_2024_Mission/arm/install/ros2_aruco_interfaces/share/ros2_aruco_interfaces/package.ps1'
[36.376s] INFO:colcon.colcon_core.shell:Creating package descriptor '/home/astrum/Tanegashima_Rocket_Contest_2024_Mission/arm/install/ros2_aruco_interfaces/share/ros2_aruco_interfaces/package.dsv'
[36.378s] INFO:colcon.colcon_core.shell:Creating package script '/home/astrum/Tanegashima_Rocket_Contest_2024_Mission/arm/install/ros2_aruco_interfaces/share/ros2_aruco_interfaces/package.sh'
[36.381s] INFO:colcon.colcon_core.shell:Creating package script '/home/astrum/Tanegashima_Rocket_Contest_2024_Mission/arm/install/ros2_aruco_interfaces/share/ros2_aruco_interfaces/package.bash'
[36.383s] INFO:colcon.colcon_core.shell:Creating package script '/home/astrum/Tanegashima_Rocket_Contest_2024_Mission/arm/install/ros2_aruco_interfaces/share/ros2_aruco_interfaces/package.zsh'
[36.385s] Level 1:colcon.colcon_core.environment:create_file_with_runtime_dependencies(/home/astrum/Tanegashima_Rocket_Contest_2024_Mission/arm/install/ros2_aruco_interfaces/share/colcon-core/packages/ros2_aruco_interfaces)
[36.386s] DEBUG:colcon.colcon_parallel_executor.executor.parallel:closing loop
[36.388s] DEBUG:colcon.colcon_parallel_executor.executor.parallel:loop closed
[36.389s] DEBUG:colcon.colcon_parallel_executor.executor.parallel:run_until_complete finished with '0'
[36.389s] DEBUG:colcon.colcon_core.event_reactor:joining thread
[36.481s] INFO:colcon.colcon_core.plugin_system:Skipping extension 'colcon_notification.desktop_notification.terminal_notifier': Not used on non-Darwin systems
[36.481s] INFO:colcon.colcon_core.plugin_system:Skipping extension 'colcon_notification.desktop_notification.win32': Not used on non-Windows systems
[36.481s] INFO:colcon.colcon_notification.desktop_notification:Sending desktop notification using 'notify2'
[36.559s] DEBUG:colcon.colcon_core.event_reactor:joined thread
[36.651s] INFO:colcon.colcon_core.shell:Creating prefix script '/home/astrum/Tanegashima_Rocket_Contest_2024_Mission/arm/install/local_setup.ps1'
[36.656s] INFO:colcon.colcon_core.shell:Creating prefix util module '/home/astrum/Tanegashima_Rocket_Contest_2024_Mission/arm/install/_local_setup_util_ps1.py'
[36.662s] INFO:colcon.colcon_core.shell:Creating prefix chain script '/home/astrum/Tanegashima_Rocket_Contest_2024_Mission/arm/install/setup.ps1'
[36.740s] INFO:colcon.colcon_core.shell:Creating prefix script '/home/astrum/Tanegashima_Rocket_Contest_2024_Mission/arm/install/local_setup.sh'
[36.743s] INFO:colcon.colcon_core.shell:Creating prefix util module '/home/astrum/Tanegashima_Rocket_Contest_2024_Mission/arm/install/_local_setup_util_sh.py'
[36.746s] INFO:colcon.colcon_core.shell:Creating prefix chain script '/home/astrum/Tanegashima_Rocket_Contest_2024_Mission/arm/install/setup.sh'
[36.817s] INFO:colcon.colcon_core.shell:Creating prefix script '/home/astrum/Tanegashima_Rocket_Contest_2024_Mission/arm/install/local_setup.bash'
[36.819s] INFO:colcon.colcon_core.shell:Creating prefix chain script '/home/astrum/Tanegashima_Rocket_Contest_2024_Mission/arm/install/setup.bash'
[36.888s] INFO:colcon.colcon_core.shell:Creating prefix script '/home/astrum/Tanegashima_Rocket_Contest_2024_Mission/arm/install/local_setup.zsh'
[36.891s] INFO:colcon.colcon_core.shell:Creating prefix chain script '/home/astrum/Tanegashima_Rocket_Contest_2024_Mission/arm/install/setup.zsh'
